\BOOKMARK [0][-]{chapter*.1}{\376\377\000R\000e\000v\000i\000s\000i\000o\000n\000\040\000H\000i\000s\000t\000o\000r\000y}{}% 1
\BOOKMARK [0][-]{chapter*.2}{\376\377\000A\000u\000t\000h\000o\000r\000s\000h\000i\000p\000\040\000a\000n\000d\000\040\000R\000e\000l\000e\000a\000s\000e\000\040\000N\000o\000t\000e}{}% 2
\BOOKMARK [0][-]{chapter*.3}{\376\377\000E\000x\000e\000c\000u\000t\000i\000v\000e\000\040\000S\000u\000m\000m\000a\000r\000y}{}% 3
\BOOKMARK [0][-]{chapter*.4}{\376\377\000G\000l\000o\000s\000s\000a\000r\000y\000\040\000a\000n\000d\000\040\000A\000c\000r\000o\000n\000y\000m\000s}{}% 4
\BOOKMARK [0][-]{chapter.1}{\376\377\000Q\000u\000i\000c\000k\000\040\000S\000t\000a\000r\000t\000\040\000f\000o\000r\000\040\000C\000o\000o\000r\000d\000i\000n\000a\000t\000o\000r\000s}{}% 5
\BOOKMARK [1][-]{section.1.1}{\376\377\000C\000o\000o\000r\000d\000i\000n\000a\000t\000o\000r\000\040\000C\000h\000e\000c\000k\000l\000i\000s\000t}{chapter.1}% 6
\BOOKMARK [1][-]{section.1.2}{\376\377\000A\000d\000d\000\040\000a\000\040\000U\000s\000e\000r}{chapter.1}% 7
\BOOKMARK [1][-]{section.1.3}{\376\377\000I\000s\000s\000u\000e\000\040\000a\000n\000d\000\040\000V\000e\000r\000i\000f\000y\000\040\000a\000\040\000C\000a\000r\000d}{chapter.1}% 8
\BOOKMARK [1][-]{section.1.4}{\376\377\000R\000e\000v\000o\000k\000e\000\040\000a\000\040\000L\000o\000s\000t\000\040\000C\000a\000r\000d}{chapter.1}% 9
\BOOKMARK [1][-]{section.1.5}{\376\377\000P\000e\000r\000f\000o\000r\000m\000\040\000a\000n\000\040\000O\000T\000A\000\040\000U\000p\000d\000a\000t\000e}{chapter.1}% 10
\BOOKMARK [1][-]{section.1.6}{\376\377\000E\000s\000c\000a\000l\000a\000t\000i\000o\000n\000\040\000R\000u\000l\000e\000s}{chapter.1}% 11
\BOOKMARK [0][-]{chapter.2}{\376\377\000P\000r\000o\000j\000e\000c\000t\000\040\000O\000v\000e\000r\000v\000i\000e\000w}{}% 12
\BOOKMARK [1][-]{section.2.1}{\376\377\000W\000h\000a\000t\000\040\000I\000s\000\040\000M\000M\000S\000\040\000V\0002\000?}{chapter.2}% 13
\BOOKMARK [1][-]{section.2.2}{\376\377\000S\000c\000o\000p\000e\000\040\000a\000n\000d\000\040\000O\000b\000j\000e\000c\000t\000i\000v\000e\000s}{chapter.2}% 14
\BOOKMARK [2][-]{subsection.2.2.1}{\376\377\000W\000h\000a\000t\000\040\000M\000M\000S\000\040\000V\0002\000\040\000D\000o\000e\000s}{section.2.2}% 15
\BOOKMARK [2][-]{subsection.2.2.2}{\376\377\000W\000h\000a\000t\000\040\000M\000M\000S\000\040\000V\0002\000\040\000D\000o\000e\000s\000\040\000N\000o\000t\000\040\000D\000o}{section.2.2}% 16
\BOOKMARK [1][-]{section.2.3}{\376\377\000S\000y\000s\000t\000e\000m\000\040\000S\000c\000a\000l\000e}{chapter.2}% 17
\BOOKMARK [1][-]{section.2.4}{\376\377\000D\000e\000p\000l\000o\000y\000e\000d\000\040\000M\000a\000c\000h\000i\000n\000e\000s}{chapter.2}% 18
\BOOKMARK [1][-]{section.2.5}{\376\377\000K\000e\000y\000\040\000S\000t\000a\000k\000e\000h\000o\000l\000d\000e\000r\000s}{chapter.2}% 19
\BOOKMARK [1][-]{section.2.6}{\376\377\000G\000l\000o\000s\000s\000a\000r\000y}{chapter.2}% 20
\BOOKMARK [0][-]{chapter.3}{\376\377\000H\000i\000s\000t\000o\000r\000y\000\040\000a\000n\000d\000\040\000V\0001\000\040\000P\000o\000s\000t\000-\000M\000o\000r\000t\000e\000m}{}% 21
\BOOKMARK [1][-]{section.3.1}{\376\377\000V\0001\000\040\000S\000y\000s\000t\000e\000m\000\040\000B\000a\000c\000k\000g\000r\000o\000u\000n\000d}{chapter.3}% 22
\BOOKMARK [1][-]{section.3.2}{\376\377\000V\0001\000\040\000F\000a\000i\000l\000u\000r\000e\000\040\000A\000n\000a\000l\000y\000s\000i\000s}{chapter.3}% 23
\BOOKMARK [1][-]{section.3.3}{\376\377\000V\0001\000\040\000D\000e\000p\000l\000o\000y\000m\000e\000n\000t\000\040\000B\000l\000o\000c\000k\000e\000r\000s}{chapter.3}% 24
\BOOKMARK [1][-]{section.3.4}{\376\377\000V\0002\000\040\000D\000e\000s\000i\000g\000n\000\040\000D\000e\000c\000i\000s\000i\000o\000n\000s\000\040\000D\000r\000i\000v\000e\000n\000\040\000b\000y\000\040\000V\0001\000\040\000F\000a\000i\000l\000u\000r\000e\000s}{chapter.3}% 25
\BOOKMARK [1][-]{section.3.5}{\376\377\000D\000e\000c\000i\000s\000i\000o\000n\000\040\000R\000e\000c\000o\000r\000d\000s}{chapter.3}% 26
\BOOKMARK [2][-]{subsection.3.5.1}{\376\377\000L\000o\000c\000a\000l\000\040\000A\000c\000c\000e\000s\000s\000\040\000D\000e\000c\000i\000s\000i\000o\000n\000\040\000\050\000N\000o\000\040\000C\000l\000o\000u\000d\000\040\000C\000a\000l\000l\000\040\000o\000n\000\040\000A\000c\000c\000e\000s\000s\000\040\000P\000a\000t\000h\000\051}{section.3.5}% 27
\BOOKMARK [2][-]{subsection.3.5.2}{\376\377\000C\000a\000r\000d\000\040\000C\000a\000r\000r\000i\000e\000s\000\040\000P\000e\000r\000m\000i\000s\000s\000i\000o\000n\000s}{section.3.5}% 28
\BOOKMARK [2][-]{subsection.3.5.3}{\376\377\000P\000e\000r\000-\000C\000a\000r\000d\000\040\000S\000e\000c\000t\000o\000r\000\040\000K\000e\000y\000\040\000D\000e\000r\000i\000v\000a\000t\000i\000o\000n}{section.3.5}% 29
\BOOKMARK [2][-]{subsection.3.5.4}{\376\377\0005\000-\000M\000i\000n\000u\000t\000e\000\040\000C\000o\000m\000m\000a\000n\000d\000\040\000T\000T\000L}{section.3.5}% 30
\BOOKMARK [2][-]{subsection.3.5.5}{\376\377\000M\000Q\000T\000T\000\040\000B\000u\000f\000f\000e\000r\000\040\000S\000i\000z\000e\000\040\0001\0005\0003\0006\000\040\000B\000y\000t\000e\000s}{section.3.5}% 31
\BOOKMARK [0][-]{chapter.4}{\376\377\000S\000y\000s\000t\000e\000m\000\040\000A\000r\000c\000h\000i\000t\000e\000c\000t\000u\000r\000e}{}% 32
\BOOKMARK [1][-]{section.4.1}{\376\377\000A\000r\000c\000h\000i\000t\000e\000c\000t\000u\000r\000e\000\040\000O\000v\000e\000r\000v\000i\000e\000w}{chapter.4}% 33
\BOOKMARK [1][-]{section.4.2}{\376\377\000C\0004\000-\000S\000t\000y\000l\000e\000\040\000S\000y\000s\000t\000e\000m\000\040\000C\000o\000n\000t\000e\000x\000t}{chapter.4}% 34
\BOOKMARK [1][-]{section.4.3}{\376\377\000C\000o\000m\000m\000u\000n\000i\000c\000a\000t\000i\000o\000n\000\040\000P\000a\000t\000h\000s}{chapter.4}% 35
\BOOKMARK [2][-]{subsection.4.3.1}{\376\377\000A\000c\000c\000e\000s\000s\000\040\000D\000e\000c\000i\000s\000i\000o\000n\000\040\000\050\000O\000f\000f\000l\000i\000n\000e\000-\000c\000a\000p\000a\000b\000l\000e\000\051}{section.4.3}% 36
\BOOKMARK [2][-]{subsection.4.3.2}{\376\377\000S\000e\000s\000s\000i\000o\000n\000\040\000E\000v\000e\000n\000t\000\040\000F\000l\000o\000w}{section.4.3}% 37
\BOOKMARK [2][-]{subsection.4.3.3}{\376\377\000R\000e\000m\000o\000t\000e\000\040\000S\000t\000o\000p\000\040\000F\000l\000o\000w}{section.4.3}% 38
\BOOKMARK [2][-]{subsection.4.3.4}{\376\377\000R\000e\000v\000o\000c\000a\000t\000i\000o\000n\000\040\000F\000l\000o\000w}{section.4.3}% 39
\BOOKMARK [2][-]{subsection.4.3.5}{\376\377\000O\000T\000A\000\040\000U\000p\000d\000a\000t\000e\000\040\000F\000l\000o\000w}{section.4.3}% 40
\BOOKMARK [1][-]{section.4.4}{\376\377\000M\000Q\000T\000T\000\040\000T\000o\000p\000i\000c\000\040\000M\000a\000p}{chapter.4}% 41
\BOOKMARK [1][-]{section.4.5}{\376\377\000O\000f\000f\000l\000i\000n\000e\000\040\000D\000e\000g\000r\000a\000d\000a\000t\000i\000o\000n\000\040\000T\000a\000b\000l\000e}{chapter.4}% 42
\BOOKMARK [0][-]{chapter.5}{\376\377\000H\000a\000r\000d\000w\000a\000r\000e\000\040\000D\000e\000s\000i\000g\000n}{}% 43
\BOOKMARK [1][-]{section.5.1}{\376\377\000E\000S\000P\0003\0002\000\040\000N\000o\000d\000e\000M\000C\000U\000\040\0003\0008\000-\000p\000i\000n}{chapter.5}% 44
\BOOKMARK [1][-]{section.5.2}{\376\377\000G\000P\000I\000O\000\040\000P\000i\000n\000\040\000A\000s\000s\000i\000g\000n\000m\000e\000n\000t\000s}{chapter.5}% 45
\BOOKMARK [1][-]{section.5.3}{\376\377\000C\000o\000m\000p\000o\000n\000e\000n\000t\000\040\000D\000e\000t\000a\000i\000l\000s}{chapter.5}% 46
\BOOKMARK [2][-]{subsection.5.3.1}{\376\377\000M\000F\000R\000C\0005\0002\0002\000\040\000R\000F\000I\000D\000\040\000R\000e\000a\000d\000e\000r}{section.5.3}% 47
\BOOKMARK [2][-]{subsection.5.3.2}{\376\377\000S\000S\000D\0001\0003\0000\0006\000\040\0001\0002\0008\0006\0004\000\040\000S\000P\000I\000\040\000O\000L\000E\000D\000\040\000\050\000P\000r\000i\000m\000a\000r\000y\000\040\000D\000i\000s\000p\000l\000a\000y\000\051}{section.5.3}% 48
\BOOKMARK [2][-]{subsection.5.3.3}{\376\377\000S\000S\000D\0001\0003\0000\0006\000\040\0001\0002\0008\0003\0002\000\040\000I\0002\000C\000\040\000O\000L\000E\000D\000\040\000\050\000S\000t\000a\000t\000u\000s\000\040\000S\000t\000r\000i\000p\000\051}{section.5.3}% 49
\BOOKMARK [2][-]{subsection.5.3.4}{\376\377\000H\000C\0008\0009\000\040\000O\000p\000t\000i\000c\000a\000l\000\040\000I\000R\000\040\000S\000l\000o\000t\000\040\000S\000e\000n\000s\000o\000r}{section.5.3}% 50
\BOOKMARK [2][-]{subsection.5.3.5}{\376\377\000R\000e\000l\000a\000y\000\040\000M\000o\000d\000u\000l\000e\000\040\000\050\000M\000e\000c\000h\000a\000n\000i\000c\000a\000l\000\040\000o\000r\000\040\000S\000S\000R\000\051}{section.5.3}% 51
\BOOKMARK [2][-]{subsection.5.3.6}{\376\377\000W\000S\0002\0008\0001\0002\000B\000\040\000R\000G\000B\000\040\000L\000E\000D}{section.5.3}% 52
\BOOKMARK [2][-]{subsection.5.3.7}{\376\377\000E\000C\0001\0001\000\040\000R\000o\000t\000a\000r\000y\000\040\000E\000n\000c\000o\000d\000e\000r}{section.5.3}% 53
\BOOKMARK [2][-]{subsection.5.3.8}{\376\377\000P\000o\000w\000e\000r\000\040\000S\000u\000p\000p\000l\000y}{section.5.3}% 54
\BOOKMARK [1][-]{section.5.4}{\376\377\000P\000o\000w\000e\000r\000\040\000B\000u\000d\000g\000e\000t}{chapter.5}% 55
\BOOKMARK [0][-]{chapter.6}{\376\377\000R\000F\000I\000D\000\040\000C\000a\000r\000d\000\040\000A\000r\000c\000h\000i\000t\000e\000c\000t\000u\000r\000e}{}% 56
\BOOKMARK [1][-]{section.6.1}{\376\377\000M\000I\000F\000A\000R\000E\000\040\000C\000l\000a\000s\000s\000i\000c\000\040\0001\000K\000\040\000O\000v\000e\000r\000v\000i\000e\000w}{chapter.6}% 57
\BOOKMARK [1][-]{section.6.2}{\376\377\000V\0002\000\040\000C\000a\000r\000d\000\040\000S\000c\000h\000e\000m\000a}{chapter.6}% 58
\BOOKMARK [2][-]{subsection.6.2.1}{\376\377\000S\000e\000c\000t\000o\000r\000\040\0001\000\040\000L\000a\000y\000o\000u\000t}{section.6.2}% 59
\BOOKMARK [2][-]{subsection.6.2.2}{\376\377\000S\000c\000h\000e\000m\000a\000\040\000V\000e\000r\000s\000i\000o\000n\000\040\000B\000y\000t\000e}{section.6.2}% 60
\BOOKMARK [1][-]{section.6.3}{\376\377\000S\000e\000c\000t\000o\000r\000\040\000K\000e\000y\000\040\000D\000e\000r\000i\000v\000a\000t\000i\000o\000n}{chapter.6}% 61
\BOOKMARK [1][-]{section.6.4}{\376\377\000P\000I\000N\000\040\000H\000a\000s\000h}{chapter.6}% 62
\BOOKMARK [1][-]{section.6.5}{\376\377\000M\000a\000c\000h\000i\000n\000e\000\040\000P\000e\000r\000m\000i\000s\000s\000i\000o\000n\000\040\000B\000i\000t\000m\000a\000s\000k}{chapter.6}% 63
\BOOKMARK [1][-]{section.6.6}{\376\377\000C\000a\000r\000d\000\040\000W\000r\000i\000t\000e\000\040\000P\000r\000o\000c\000e\000s\000s}{chapter.6}% 64
\BOOKMARK [1][-]{section.6.7}{\376\377\000C\000a\000r\000d\000\040\000R\000e\000a\000d\000\040\000P\000r\000o\000c\000e\000s\000s}{chapter.6}% 65
\BOOKMARK [0][-]{chapter.7}{\376\377\000F\000i\000r\000m\000w\000a\000r\000e\000\040\000A\000r\000c\000h\000i\000t\000e\000c\000t\000u\000r\000e}{}% 66
\BOOKMARK [1][-]{section.7.1}{\376\377\000F\000i\000r\000m\000w\000a\000r\000e\000\040\000S\000t\000r\000u\000c\000t\000u\000r\000e}{chapter.7}% 67
\BOOKMARK [1][-]{section.7.2}{\376\377\000F\000i\000r\000m\000w\000a\000r\000e\000\040\000S\000t\000a\000t\000e\000\040\000M\000a\000c\000h\000i\000n\000e}{chapter.7}% 68
\BOOKMARK [1][-]{section.7.3}{\376\377\000N\000V\000S\000\040\000C\000o\000n\000f\000i\000g\000u\000r\000a\000t\000i\000o\000n}{chapter.7}% 69
\BOOKMARK [1][-]{section.7.4}{\376\377\000L\000i\000t\000t\000l\000e\000F\000S\000\040\000F\000i\000l\000e\000\040\000L\000a\000y\000o\000u\000t}{chapter.7}% 70
\BOOKMARK [1][-]{section.7.5}{\376\377\000S\000e\000s\000s\000i\000o\000n\000\040\000L\000o\000g\000\040\000E\000n\000t\000r\000y\000\040\000F\000o\000r\000m\000a\000t}{chapter.7}% 71
\BOOKMARK [1][-]{section.7.6}{\376\377\000D\000i\000s\000p\000l\000a\000y\000\040\000C\000o\000n\000t\000e\000n\000t}{chapter.7}% 72
\BOOKMARK [2][-]{subsection.7.6.1}{\376\377\000P\000r\000i\000m\000a\000r\000y\000\040\000O\000L\000E\000D\000\040\000\050\0001\0002\0008\0006\0004\000\051}{section.7.6}% 73
\BOOKMARK [2][-]{subsection.7.6.2}{\376\377\000S\000t\000a\000t\000u\000s\000\040\000S\000t\000r\000i\000p\000\040\000O\000L\000E\000D\000\040\000\050\0001\0002\0008\0003\0002\000\051}{section.7.6}% 74
\BOOKMARK [1][-]{section.7.7}{\376\377\000W\000S\0002\0008\0001\0002\000\040\000L\000E\000D\000\040\000S\000t\000a\000t\000e\000\040\000M\000a\000p}{chapter.7}% 75
\BOOKMARK [1][-]{section.7.8}{\376\377\000W\000a\000t\000c\000h\000d\000o\000g}{chapter.7}% 76
\BOOKMARK [0][-]{chapter.8}{\376\377\000B\000a\000c\000k\000e\000n\000d\000\040\000A\000r\000c\000h\000i\000t\000e\000c\000t\000u\000r\000e}{}% 77
\BOOKMARK [1][-]{section.8.1}{\376\377\000R\000a\000s\000p\000b\000e\000r\000r\000y\000\040\000P\000i\000\040\000R\000o\000l\000e}{chapter.8}% 78
\BOOKMARK [1][-]{section.8.2}{\376\377\000M\000o\000s\000q\000u\000i\000t\000t\000o\000\040\000C\000o\000n\000f\000i\000g\000u\000r\000a\000t\000i\000o\000n}{chapter.8}% 79
\BOOKMARK [1][-]{section.8.3}{\376\377\000b\000r\000i\000d\000g\000e\000.\000p\000y\000\040\000A\000r\000c\000h\000i\000t\000e\000c\000t\000u\000r\000e}{chapter.8}% 80
\BOOKMARK [1][-]{section.8.4}{\376\377\000S\000e\000s\000s\000i\000o\000n\000\040\000E\000v\000e\000n\000t\000\040\000P\000r\000o\000c\000e\000s\000s\000i\000n\000g}{chapter.8}% 81
\BOOKMARK [1][-]{section.8.5}{\376\377\000C\000o\000m\000m\000a\000n\000d\000\040\000F\000o\000r\000w\000a\000r\000d\000i\000n\000g}{chapter.8}% 82
\BOOKMARK [1][-]{section.8.6}{\376\377\000R\000e\000v\000o\000c\000a\000t\000i\000o\000n\000\040\000L\000i\000s\000t\000\040\000M\000a\000n\000a\000g\000e\000m\000e\000n\000t}{chapter.8}% 83
\BOOKMARK [1][-]{section.8.7}{\376\377\000S\000y\000s\000t\000e\000m\000d\000\040\000S\000e\000r\000v\000i\000c\000e}{chapter.8}% 84
\BOOKMARK [1][-]{section.8.8}{\376\377\000H\000e\000a\000l\000t\000h\000\040\000C\000h\000e\000c\000k\000\040\000E\000n\000d\000p\000o\000i\000n\000t}{chapter.8}% 85
\BOOKMARK [1][-]{section.8.9}{\376\377\000M\000Q\000T\000T\000\040\000A\000u\000t\000h\000e\000n\000t\000i\000c\000a\000t\000i\000o\000n}{chapter.8}% 86
\BOOKMARK [0][-]{chapter.9}{\376\377\000F\000i\000r\000e\000b\000a\000s\000e\000\040\000D\000e\000s\000i\000g\000n}{}% 87
\BOOKMARK [1][-]{section.9.1}{\376\377\000F\000i\000r\000e\000b\000a\000s\000e\000\040\000S\000e\000r\000v\000i\000c\000e\000s\000\040\000U\000s\000e\000d}{chapter.9}% 88
\BOOKMARK [1][-]{section.9.2}{\376\377\000W\000h\000y\000\040\000T\000w\000o\000\040\000D\000a\000t\000a\000b\000a\000s\000e\000s\000?}{chapter.9}% 89
\BOOKMARK [1][-]{section.9.3}{\376\377\000F\000i\000r\000e\000s\000t\000o\000r\000e\000\040\000S\000c\000h\000e\000m\000a}{chapter.9}% 90
\BOOKMARK [2][-]{subsection.9.3.1}{\376\377\000/\000u\000s\000e\000r\000s\000/\000\173\000r\000o\000l\000l\000\137\000n\000u\000m\000b\000e\000r\000\175}{section.9.3}% 91
\BOOKMARK [2][-]{subsection.9.3.2}{\376\377\000/\000m\000a\000c\000h\000i\000n\000e\000s\000/\000\173\000m\000a\000c\000h\000i\000n\000e\000\137\000i\000d\000\175}{section.9.3}% 92
\BOOKMARK [2][-]{subsection.9.3.3}{\376\377\000/\000s\000e\000s\000s\000i\000o\000n\000s\000/\000\173\000a\000u\000t\000o\000\137\000i\000d\000\175}{section.9.3}% 93
\BOOKMARK [2][-]{subsection.9.3.4}{\376\377\000/\000r\000e\000v\000o\000k\000e\000d\000/\000\173\000c\000a\000r\000d\000\137\000u\000i\000d\000\175}{section.9.3}% 94
\BOOKMARK [2][-]{subsection.9.3.5}{\376\377\000/\000a\000d\000m\000i\000n\000s\000/\000\173\000u\000i\000d\000\175\000\040\000a\000n\000d\000\040\000/\000s\000u\000p\000e\000r\000\137\000a\000d\000m\000i\000n\000s\000/\000\173\000u\000i\000d\000\175}{section.9.3}% 95
\BOOKMARK [1][-]{section.9.4}{\376\377\000R\000T\000D\000B\000\040\000S\000c\000h\000e\000m\000a}{chapter.9}% 96
\BOOKMARK [1][-]{section.9.5}{\376\377\000F\000i\000r\000e\000s\000t\000o\000r\000e\000\040\000S\000e\000c\000u\000r\000i\000t\000y\000\040\000R\000u\000l\000e\000s}{chapter.9}% 97
\BOOKMARK [1][-]{section.9.6}{\376\377\000F\000i\000r\000e\000s\000t\000o\000r\000e\000\040\000I\000n\000d\000e\000x\000e\000s}{chapter.9}% 98
\BOOKMARK [0][-]{chapter.10}{\376\377\000W\000e\000b\000\040\000A\000p\000p\000l\000i\000c\000a\000t\000i\000o\000n}{}% 99
\BOOKMARK [1][-]{section.10.1}{\376\377\000O\000v\000e\000r\000v\000i\000e\000w}{chapter.10}% 100
\BOOKMARK [1][-]{section.10.2}{\376\377\000T\000e\000c\000h\000n\000o\000l\000o\000g\000y\000\040\000S\000t\000a\000c\000k}{chapter.10}% 101
\BOOKMARK [1][-]{section.10.3}{\376\377\000A\000u\000t\000h\000e\000n\000t\000i\000c\000a\000t\000i\000o\000n\000\040\000F\000l\000o\000w}{chapter.10}% 102
\BOOKMARK [1][-]{section.10.4}{\376\377\000F\000e\000a\000t\000u\000r\000e\000\040\000R\000e\000f\000e\000r\000e\000n\000c\000e}{chapter.10}% 103
\BOOKMARK [1][-]{section.10.5}{\376\377\000C\000r\000i\000t\000i\000c\000a\000l\000\040\000V\0001\000\040\000B\000u\000g\000s\000\040\000F\000i\000x\000e\000d\000\040\000i\000n\000\040\000W\000e\000b\000\040\000A\000p\000p}{chapter.10}% 104
\BOOKMARK [2][-]{subsection.10.5.1}{\376\377\000a\000d\000d\000D\000o\000c\000\040\000\040\000s\000e\000t\000D\000o\000c\000\040\000f\000o\000r\000\040\000U\000s\000e\000r\000\040\000C\000r\000e\000a\000t\000i\000o\000n}{section.10.5}% 105
\BOOKMARK [2][-]{subsection.10.5.2}{\376\377\000P\000I\000N\000\040\000H\000a\000s\000h\000i\000n\000g}{section.10.5}% 106
\BOOKMARK [1][-]{section.10.6}{\376\377\000E\000n\000v\000i\000r\000o\000n\000m\000e\000n\000t\000\040\000C\000o\000n\000f\000i\000g\000u\000r\000a\000t\000i\000o\000n}{chapter.10}% 107
\BOOKMARK [1][-]{section.10.7}{\376\377\000B\000u\000i\000l\000d\000\040\000a\000n\000d\000\040\000D\000e\000p\000l\000o\000y}{chapter.10}% 108
\BOOKMARK [0][-]{chapter.11}{\376\377\000S\000e\000c\000u\000r\000i\000t\000y\000\040\000M\000o\000d\000e\000l}{}% 109
\BOOKMARK [1][-]{section.11.1}{\376\377\000T\000h\000r\000e\000a\000t\000\040\000M\000o\000d\000e\000l}{chapter.11}% 110
\BOOKMARK [1][-]{section.11.2}{\376\377\000S\000e\000c\000u\000r\000i\000t\000y\000\040\000C\000o\000n\000t\000r\000o\000l\000s}{chapter.11}% 111
\BOOKMARK [1][-]{section.11.3}{\376\377\000A\000t\000t\000a\000c\000k\000\040\000S\000u\000r\000f\000a\000c\000e}{chapter.11}% 112
\BOOKMARK [2][-]{subsection.11.3.1}{\376\377\000C\000a\000r\000d\000\040\000F\000o\000r\000g\000e\000r\000y\000\040\000P\000r\000e\000v\000e\000n\000t\000i\000o\000n}{section.11.3}% 113
\BOOKMARK [2][-]{subsection.11.3.2}{\376\377\000M\000I\000F\000A\000R\000E\000\040\000C\000l\000a\000s\000s\000i\000c\000\040\000a\000n\000d\000\040\000C\000r\000y\000p\000t\000o\000-\0001\000\040\000L\000i\000m\000i\000t\000a\000t\000i\000o\000n\000s}{section.11.3}% 114
\BOOKMARK [2][-]{subsection.11.3.3}{\376\377\000C\000a\000r\000d\000\040\000C\000l\000o\000n\000i\000n\000g\000\040\000R\000i\000s\000k}{section.11.3}% 115
\BOOKMARK [2][-]{subsection.11.3.4}{\376\377\000R\000e\000v\000o\000c\000a\000t\000i\000o\000n}{section.11.3}% 116
\BOOKMARK [2][-]{subsection.11.3.5}{\376\377\000A\000d\000m\000i\000n\000\040\000W\000e\000b\000\040\000A\000p\000p}{section.11.3}% 117
\BOOKMARK [2][-]{subsection.11.3.6}{\376\377\000M\000Q\000T\000T\000\040\000S\000e\000c\000u\000r\000i\000t\000y}{section.11.3}% 118
\BOOKMARK [2][-]{subsection.11.3.7}{\376\377\000S\000e\000c\000r\000e\000t\000s\000\040\000M\000a\000n\000a\000g\000e\000m\000e\000n\000t}{section.11.3}% 119
\BOOKMARK [2][-]{subsection.11.3.8}{\376\377\000F\000i\000r\000m\000w\000a\000r\000e\000\040\000S\000e\000c\000u\000r\000i\000t\000y}{section.11.3}% 120
\BOOKMARK [1][-]{section.11.4}{\376\377\000D\000E\000S\000F\000i\000r\000e\000\040\000M\000i\000g\000r\000a\000t\000i\000o\000n\000\040\000P\000a\000t\000h}{chapter.11}% 121
\BOOKMARK [1][-]{section.11.5}{\376\377\000S\000e\000c\000u\000r\000i\000t\000y\000\040\000A\000s\000s\000u\000m\000p\000t\000i\000o\000n\000s\000\040\000a\000n\000d\000\040\000L\000i\000m\000i\000t\000a\000t\000i\000o\000n\000s}{chapter.11}% 122
\BOOKMARK [1][-]{section.11.6}{\376\377\000S\000e\000c\000u\000r\000i\000t\000y\000\040\000C\000h\000e\000c\000k\000l\000i\000s\000t\000\040\000f\000o\000r\000\040\000F\000u\000t\000u\000r\000e\000\040\000M\000a\000i\000n\000t\000a\000i\000n\000e\000r\000s}{chapter.11}% 123
\BOOKMARK [0][-]{chapter.12}{\376\377\000E\000n\000g\000i\000n\000e\000e\000r\000i\000n\000g\000\040\000R\000e\000v\000i\000e\000w}{}% 124
\BOOKMARK [1][-]{section.12.1}{\376\377\000A\000r\000c\000h\000i\000t\000e\000c\000t\000u\000r\000e\000\040\000D\000e\000c\000i\000s\000i\000o\000n\000\040\000R\000e\000c\000o\000r\000d\000s}{chapter.12}% 125
\BOOKMARK [1][-]{section.12.2}{\376\377\000D\000e\000s\000i\000g\000n\000\040\000T\000r\000a\000d\000e\000o\000f\000f\000s}{chapter.12}% 126
\BOOKMARK [1][-]{section.12.3}{\376\377\000S\000c\000a\000l\000a\000b\000i\000l\000i\000t\000y\000\040\000A\000n\000a\000l\000y\000s\000i\000s}{chapter.12}% 127
\BOOKMARK [1][-]{section.12.4}{\376\377\000M\000o\000n\000i\000t\000o\000r\000i\000n\000g\000\040\000S\000t\000r\000a\000t\000e\000g\000y}{chapter.12}% 128
\BOOKMARK [1][-]{section.12.5}{\376\377\000F\000a\000i\000l\000u\000r\000e\000\040\000M\000o\000d\000e\000\040\000a\000n\000d\000\040\000E\000f\000f\000e\000c\000t\000s\000\040\000A\000n\000a\000l\000y\000s\000i\000s}{chapter.12}% 129
\BOOKMARK [1][-]{section.12.6}{\376\377\000S\000e\000c\000u\000r\000i\000t\000y\000\040\000R\000e\000v\000i\000e\000w\000\040\000S\000u\000m\000m\000a\000r\000y}{chapter.12}% 130
\BOOKMARK [0][-]{chapter.13}{\376\377\000D\000e\000p\000l\000o\000y\000m\000e\000n\000t\000\040\000G\000u\000i\000d\000e}{}% 131
\BOOKMARK [1][-]{section.13.1}{\376\377\000D\000e\000p\000l\000o\000y\000m\000e\000n\000t\000\040\000O\000v\000e\000r\000v\000i\000e\000w}{chapter.13}% 132
\BOOKMARK [1][-]{section.13.2}{\376\377\000M\000a\000s\000t\000e\000r\000\040\000K\000e\000y\000\040\000G\000e\000n\000e\000r\000a\000t\000i\000o\000n}{chapter.13}% 133
\BOOKMARK [1][-]{section.13.3}{\376\377\000N\000o\000d\000e\000\040\000P\000r\000o\000v\000i\000s\000i\000o\000n\000i\000n\000g\000\040\000S\000u\000m\000m\000a\000r\000y}{chapter.13}% 134
\BOOKMARK [1][-]{section.13.4}{\376\377\000C\000r\000i\000t\000i\000c\000a\000l\000\040\000P\000r\000e\000-\000D\000e\000p\000l\000o\000y\000m\000e\000n\000t\000\040\000V\000e\000r\000i\000f\000i\000c\000a\000t\000i\000o\000n}{chapter.13}% 135
\BOOKMARK [1][-]{section.13.5}{\376\377\000S\000e\000c\000r\000e\000t\000s\000\040\000F\000i\000l\000e\000s\000\040\000R\000e\000f\000e\000r\000e\000n\000c\000e}{chapter.13}% 136
\BOOKMARK [0][-]{chapter.14}{\376\377\000T\000e\000s\000t\000i\000n\000g\000\040\000a\000n\000d\000\040\000V\000a\000l\000i\000d\000a\000t\000i\000o\000n}{}% 137
\BOOKMARK [1][-]{section.14.1}{\376\377\000V\000a\000l\000i\000d\000a\000t\000i\000o\000n\000\040\000S\000t\000r\000a\000t\000e\000g\000y}{chapter.14}% 138
\BOOKMARK [1][-]{section.14.2}{\376\377\000H\000a\000r\000d\000w\000a\000r\000e\000\040\000V\000a\000l\000i\000d\000a\000t\000i\000o\000n\000\040\000S\000u\000i\000t\000e}{chapter.14}% 139
\BOOKMARK [1][-]{section.14.3}{\376\377\000I\000n\000t\000e\000g\000r\000a\000t\000i\000o\000n\000\040\000T\000e\000s\000t\000\040\000S\000u\000i\000t\000e}{chapter.14}% 140
\BOOKMARK [1][-]{section.14.4}{\376\377\000P\000a\000s\000s\000/\000F\000a\000i\000l\000\040\000C\000r\000i\000t\000e\000r\000i\000a}{chapter.14}% 141
\BOOKMARK [1][-]{section.14.5}{\376\377\000R\000e\000g\000r\000e\000s\000s\000i\000o\000n\000\040\000T\000e\000s\000t\000i\000n\000g\000\040\000A\000f\000t\000e\000r\000\040\000F\000i\000r\000m\000w\000a\000r\000e\000\040\000U\000p\000d\000a\000t\000e\000s}{chapter.14}% 142
\BOOKMARK [0][-]{chapter.15}{\376\377\000M\000a\000i\000n\000t\000e\000n\000a\000n\000c\000e\000\040\000P\000r\000o\000c\000e\000d\000u\000r\000e\000s}{}% 143
\BOOKMARK [1][-]{section.15.1}{\376\377\000M\000a\000i\000n\000t\000e\000n\000a\000n\000c\000e\000\040\000S\000c\000h\000e\000d\000u\000l\000e\000\040\000S\000u\000m\000m\000a\000r\000y}{chapter.15}% 144
\BOOKMARK [1][-]{section.15.2}{\376\377\000F\000i\000r\000m\000w\000a\000r\000e\000\040\000U\000p\000d\000a\000t\000e\000\040\000P\000r\000o\000c\000e\000d\000u\000r\000e}{chapter.15}% 145
\BOOKMARK [1][-]{section.15.3}{\376\377\000C\000a\000r\000d\000\040\000M\000a\000n\000a\000g\000e\000m\000e\000n\000t}{chapter.15}% 146
\BOOKMARK [2][-]{subsection.15.3.1}{\376\377\000I\000s\000s\000u\000i\000n\000g\000\040\000a\000\040\000N\000e\000w\000\040\000C\000a\000r\000d}{section.15.3}% 147
\BOOKMARK [2][-]{subsection.15.3.2}{\376\377\000R\000e\000v\000o\000k\000i\000n\000g\000\040\000a\000\040\000C\000a\000r\000d\000\040\000\050\000L\000o\000s\000t\000/\000S\000t\000o\000l\000e\000n\000\051}{section.15.3}% 148
\BOOKMARK [1][-]{section.15.4}{\376\377\000B\000r\000i\000d\000g\000e\000\040\000M\000a\000i\000n\000t\000e\000n\000a\000n\000c\000e}{chapter.15}% 149
\BOOKMARK [1][-]{section.15.5}{\376\377\000D\000a\000t\000a\000b\000a\000s\000e\000\040\000C\000l\000e\000a\000n\000u\000p}{chapter.15}% 150
\BOOKMARK [2][-]{subsection.15.5.1}{\376\377\000O\000r\000p\000h\000a\000n\000e\000d\000\040\000S\000e\000s\000s\000i\000o\000n\000s}{section.15.5}% 151
\BOOKMARK [2][-]{subsection.15.5.2}{\376\377\000S\000t\000a\000l\000e\000\040\000R\000T\000D\000B\000\040\000C\000o\000m\000m\000a\000n\000d\000s}{section.15.5}% 152
\BOOKMARK [0][-]{chapter.16}{\376\377\000O\000p\000e\000r\000a\000t\000i\000o\000n\000s\000\040\000R\000u\000n\000b\000o\000o\000k}{}% 153
\BOOKMARK [1][-]{section.16.1}{\376\377\000N\000e\000w\000\040\000C\000o\000o\000r\000d\000i\000n\000a\000t\000o\000r\000\040\000H\000a\000n\000d\000o\000v\000e\000r}{chapter.16}% 154
\BOOKMARK [1][-]{section.16.2}{\376\377\000S\000e\000m\000e\000s\000t\000e\000r\000\040\000T\000r\000a\000n\000s\000i\000t\000i\000o\000n\000\040\000C\000h\000e\000c\000k\000l\000i\000s\000t}{chapter.16}% 155
\BOOKMARK [1][-]{section.16.3}{\376\377\000D\000a\000i\000l\000y\000,\000\040\000W\000e\000e\000k\000l\000y\000,\000\040\000M\000o\000n\000t\000h\000l\000y\000\040\000W\000o\000r\000k}{chapter.16}% 156
\BOOKMARK [1][-]{section.16.4}{\376\377\000M\000a\000s\000t\000e\000r\000\040\000K\000e\000y\000\040\000R\000o\000t\000a\000t\000i\000o\000n\000\040\000R\000u\000n\000b\000o\000o\000k}{chapter.16}% 157
\BOOKMARK [1][-]{section.16.5}{\376\377\000L\000o\000s\000t\000\040\000C\000a\000r\000d\000\040\000P\000r\000o\000c\000e\000d\000u\000r\000e}{chapter.16}% 158
\BOOKMARK [1][-]{section.16.6}{\376\377\000C\000o\000m\000p\000r\000o\000m\000i\000s\000e\000d\000\040\000C\000o\000o\000r\000d\000i\000n\000a\000t\000o\000r\000\040\000P\000r\000o\000c\000e\000d\000u\000r\000e}{chapter.16}% 159
\BOOKMARK [1][-]{section.16.7}{\376\377\000D\000i\000s\000a\000s\000t\000e\000r\000\040\000R\000e\000c\000o\000v\000e\000r\000y\000\040\000S\000u\000m\000m\000a\000r\000y}{chapter.16}% 160
\BOOKMARK [0][-]{chapter.17}{\376\377\000T\000r\000o\000u\000b\000l\000e\000s\000h\000o\000o\000t\000i\000n\000g}{}% 161
\BOOKMARK [1][-]{section.17.1}{\376\377\000Q\000u\000i\000c\000k\000\040\000D\000i\000a\000g\000n\000o\000s\000t\000i\000c\000\040\000R\000e\000f\000e\000r\000e\000n\000c\000e}{chapter.17}% 162
\BOOKMARK [1][-]{section.17.2}{\376\377\000S\000e\000r\000i\000a\000l\000\040\000M\000o\000n\000i\000t\000o\000r\000\040\000D\000i\000a\000g\000n\000o\000s\000t\000i\000c\000\040\000C\000o\000m\000m\000a\000n\000d\000s}{chapter.17}% 163
\BOOKMARK [1][-]{section.17.3}{\376\377\000C\000o\000m\000m\000o\000n\000\040\000I\000s\000s\000u\000e\000s}{chapter.17}% 164
\BOOKMARK [2][-]{subsection.17.3.1}{\376\377\000R\000F\000I\000D\000\040\000A\000u\000t\000h\000e\000n\000t\000i\000c\000a\000t\000i\000o\000n\000\040\000F\000a\000i\000l\000u\000r\000e}{section.17.3}% 165
\BOOKMARK [2][-]{subsection.17.3.2}{\376\377\000S\000c\000h\000e\000m\000a\000\040\000V\000e\000r\000s\000i\000o\000n\000\040\000M\000i\000s\000m\000a\000t\000c\000h}{section.17.3}% 166
\BOOKMARK [2][-]{subsection.17.3.3}{\376\377\000B\000r\000i\000d\000g\000e\000\040\000P\000E\000R\000M\000I\000S\000S\000I\000O\000N\000\137\000D\000E\000N\000I\000E\000D\000\040\000o\000n\000\040\000F\000i\000r\000e\000s\000t\000o\000r\000e}{section.17.3}% 167
\BOOKMARK [2][-]{subsection.17.3.4}{\376\377\000W\000i\000F\000i\000\040\000R\000S\000S\000I\000\040\000T\000o\000o\000\040\000L\000o\000w}{section.17.3}% 168
\BOOKMARK [1][-]{section.17.4}{\376\377\000R\000e\000c\000o\000v\000e\000r\000y\000\040\000P\000r\000o\000c\000e\000d\000u\000r\000e\000s}{chapter.17}% 169
\BOOKMARK [0][-]{chapter.18}{\376\377\000F\000u\000t\000u\000r\000e\000\040\000I\000m\000p\000r\000o\000v\000e\000m\000e\000n\000t\000s}{}% 170
\BOOKMARK [1][-]{section.18.1}{\376\377\000P\000l\000a\000n\000n\000e\000d\000\040\000\050\000P\000h\000a\000s\000e\000\040\0004\000\051}{chapter.18}% 171
\BOOKMARK [2][-]{subsection.18.1.1}{\376\377\000P\000I\000N\000\040\000V\000e\000r\000i\000f\000i\000c\000a\000t\000i\000o\000n\000\040\000a\000t\000\040\000M\000a\000c\000h\000i\000n\000e}{section.18.1}% 172
\BOOKMARK [1][-]{section.18.2}{\376\377\000R\000e\000c\000o\000m\000m\000e\000n\000d\000e\000d\000\040\000\050\000N\000e\000a\000r\000-\000t\000e\000r\000m\000\051}{chapter.18}% 173
\BOOKMARK [2][-]{subsection.18.2.1}{\376\377\000M\000Q\000T\000T\000\040\000A\000u\000t\000h\000e\000n\000t\000i\000c\000a\000t\000i\000o\000n\000\040\000a\000n\000d\000\040\000A\000C\000L\000s}{section.18.2}% 174
\BOOKMARK [2][-]{subsection.18.2.2}{\376\377\000S\000e\000s\000s\000i\000o\000n\000\040\000B\000o\000o\000k\000i\000n\000g\000\040\000/\000\040\000R\000e\000s\000e\000r\000v\000a\000t\000i\000o\000n}{section.18.2}% 175
\BOOKMARK [2][-]{subsection.18.2.3}{\376\377\000A\000n\000a\000l\000y\000t\000i\000c\000s\000\040\000D\000a\000s\000h\000b\000o\000a\000r\000d}{section.18.2}% 176
\BOOKMARK [2][-]{subsection.18.2.4}{\376\377\000C\000a\000r\000d\000\040\000E\000x\000p\000i\000r\000y}{section.18.2}% 177
\BOOKMARK [1][-]{section.18.3}{\376\377\000L\000o\000n\000g\000-\000t\000e\000r\000m\000\040\000C\000o\000n\000s\000i\000d\000e\000r\000a\000t\000i\000o\000n\000s}{chapter.18}% 178
\BOOKMARK [2][-]{subsection.18.3.1}{\376\377\000M\000u\000l\000t\000i\000-\000L\000a\000b\000\040\000D\000e\000p\000l\000o\000y\000m\000e\000n\000t}{section.18.3}% 179
\BOOKMARK [2][-]{subsection.18.3.2}{\376\377\000R\000e\000p\000l\000a\000c\000i\000n\000g\000\040\000F\000i\000r\000e\000b\000a\000s\000e\000\040\000w\000i\000t\000h\000\040\000S\000e\000l\000f\000-\000H\000o\000s\000t\000e\000d\000\040\000B\000a\000c\000k\000e\000n\000d}{section.18.3}% 180
\BOOKMARK [2][-]{subsection.18.3.3}{\376\377\000H\000a\000r\000d\000w\000a\000r\000e\000\040\000I\000t\000e\000r\000a\000t\000i\000o\000n\000s}{section.18.3}% 181
\BOOKMARK [1][-]{section.18.4}{\376\377\000K\000n\000o\000w\000n\000\040\000L\000i\000m\000i\000t\000a\000t\000i\000o\000n\000s\000\040\000t\000o\000\040\000A\000d\000d\000r\000e\000s\000s}{chapter.18}% 182
\BOOKMARK [0][-]{appendix.A}{\376\377\000G\000P\000I\000O\000\040\000P\000i\000n\000\040\000M\000a\000p\000p\000i\000n\000g\000s}{}% 183
\BOOKMARK [1][-]{section.A.1}{\376\377\000C\000o\000m\000p\000l\000e\000t\000e\000\040\000E\000S\000P\0003\0002\000\040\000G\000P\000I\000O\000\040\000A\000s\000s\000i\000g\000n\000m\000e\000n\000t\000\040\000T\000a\000b\000l\000e}{appendix.A}% 184
\BOOKMARK [1][-]{section.A.2}{\376\377\000S\000P\000I\000\040\000B\000u\000s\000\040\000S\000h\000a\000r\000i\000n\000g}{appendix.A}% 185
\BOOKMARK [1][-]{section.A.3}{\376\377\000I\0002\000C\000\040\000B\000u\000s}{appendix.A}% 186
\BOOKMARK [0][-]{appendix.B}{\376\377\000M\000Q\000T\000T\000\040\000T\000o\000p\000i\000c\000\040\000R\000e\000f\000e\000r\000e\000n\000c\000e}{}% 187
\BOOKMARK [1][-]{section.B.1}{\376\377\000T\000o\000p\000i\000c\000\040\000N\000a\000m\000i\000n\000g\000\040\000C\000o\000n\000v\000e\000n\000t\000i\000o\000n}{appendix.B}% 188
\BOOKMARK [1][-]{section.B.2}{\376\377\000T\000o\000p\000i\000c\000\040\000D\000e\000t\000a\000i\000l\000s}{appendix.B}% 189
\BOOKMARK [2][-]{subsection.B.2.1}{\376\377\000m\000m\000s\000/\000n\000o\000d\000e\000s\000/\000\173\000i\000d\000\175\000/\000s\000t\000a\000t\000u\000s}{section.B.2}% 190
\BOOKMARK [2][-]{subsection.B.2.2}{\376\377\000m\000m\000s\000/\000n\000o\000d\000e\000s\000/\000\173\000i\000d\000\175\000/\000e\000v\000e\000n\000t}{section.B.2}% 191
\BOOKMARK [2][-]{subsection.B.2.3}{\376\377\000m\000m\000s\000/\000n\000o\000d\000e\000s\000/\000\173\000i\000d\000\175\000/\000h\000e\000a\000r\000t\000b\000e\000a\000t}{section.B.2}% 192
\BOOKMARK [2][-]{subsection.B.2.4}{\376\377\000m\000m\000s\000/\000n\000o\000d\000e\000s\000/\000\173\000i\000d\000\175\000/\000c\000o\000m\000m\000a\000n\000d}{section.B.2}% 193
\BOOKMARK [2][-]{subsection.B.2.5}{\376\377\000m\000m\000s\000/\000n\000o\000d\000e\000s\000/\000\173\000i\000d\000\175\000/\000c\000o\000n\000f\000i\000g}{section.B.2}% 194
\BOOKMARK [2][-]{subsection.B.2.6}{\376\377\000m\000m\000s\000/\000a\000l\000l\000/\000r\000e\000v\000o\000k\000e\000d}{section.B.2}% 195
\BOOKMARK [1][-]{section.B.3}{\376\377\000S\000u\000b\000s\000c\000r\000i\000b\000i\000n\000g\000\040\000t\000o\000\040\000T\000o\000p\000i\000c\000s\000\040\000f\000o\000r\000\040\000D\000e\000b\000u\000g\000g\000i\000n\000g}{appendix.B}% 196
\BOOKMARK [0][-]{appendix.C}{\376\377\000F\000i\000r\000e\000s\000t\000o\000r\000e\000\040\000S\000c\000h\000e\000m\000a\000\040\000R\000e\000f\000e\000r\000e\000n\000c\000e}{}% 197
\BOOKMARK [1][-]{section.C.1}{\376\377\000C\000o\000l\000l\000e\000c\000t\000i\000o\000n\000\040\000O\000v\000e\000r\000v\000i\000e\000w}{appendix.C}% 198
\BOOKMARK [1][-]{section.C.2}{\376\377\000/\000u\000s\000e\000r\000s\000/\000\173\000r\000o\000l\000l\000\137\000n\000u\000m\000b\000e\000r\000\175}{appendix.C}% 199
\BOOKMARK [1][-]{section.C.3}{\376\377\000/\000m\000a\000c\000h\000i\000n\000e\000s\000/\000\173\000m\000a\000c\000h\000i\000n\000e\000\137\000i\000d\000\175}{appendix.C}% 200
\BOOKMARK [1][-]{section.C.4}{\376\377\000/\000s\000e\000s\000s\000i\000o\000n\000s\000/\000\173\000a\000u\000t\000o\000\137\000i\000d\000\175}{appendix.C}% 201
\BOOKMARK [1][-]{section.C.5}{\376\377\000/\000r\000e\000v\000o\000k\000e\000d\000/\000\173\000c\000a\000r\000d\000\137\000u\000i\000d\000\175}{appendix.C}% 202
\BOOKMARK [1][-]{section.C.6}{\376\377\000F\000i\000r\000e\000s\000t\000o\000r\000e\000\040\000C\000o\000m\000p\000o\000s\000i\000t\000e\000\040\000I\000n\000d\000e\000x\000e\000s}{appendix.C}% 203
\BOOKMARK [0][-]{appendix.D}{\376\377\000R\000e\000a\000l\000t\000i\000m\000e\000\040\000D\000a\000t\000a\000b\000a\000s\000e\000\040\000S\000c\000h\000e\000m\000a\000\040\000R\000e\000f\000e\000r\000e\000n\000c\000e}{}% 204
\BOOKMARK [1][-]{section.D.1}{\376\377\000F\000u\000l\000l\000\040\000R\000T\000D\000B\000\040\000T\000r\000e\000e}{appendix.D}% 205
\BOOKMARK [1][-]{section.D.2}{\376\377\000N\000o\000d\000e\000\040\000S\000t\000a\000t\000e\000\040\000V\000a\000l\000u\000e\000s}{appendix.D}% 206
\BOOKMARK [1][-]{section.D.3}{\376\377\000C\000o\000m\000m\000a\000n\000d\000\040\000L\000i\000f\000e\000c\000y\000c\000l\000e}{appendix.D}% 207
\BOOKMARK [1][-]{section.D.4}{\376\377\000R\000T\000D\000B\000\040\000S\000e\000c\000u\000r\000i\000t\000y\000\040\000R\000u\000l\000e\000s}{appendix.D}% 208
\BOOKMARK [0][-]{appendix.E}{\376\377\000M\000a\000c\000h\000i\000n\000e\000\040\000R\000e\000g\000i\000s\000t\000r\000y}{}% 209
\BOOKMARK [1][-]{section.E.1}{\376\377\000C\000a\000n\000o\000n\000i\000c\000a\000l\000\040\000M\000a\000c\000h\000i\000n\000e\000\040\000T\000a\000b\000l\000e}{appendix.E}% 210
\BOOKMARK [1][-]{section.E.2}{\376\377\000T\000h\000r\000e\000e\000-\000P\000l\000a\000c\000e\000s\000-\000i\000n\000-\000S\000y\000n\000c\000\040\000R\000u\000l\000e}{appendix.E}% 211
\BOOKMARK [2][-]{subsection.E.2.1}{\376\377\0001\000.\000\040\000v\0002\000/\000a\000c\000c\000e\000s\000s\000\137\000n\000o\000d\000e\000/\000c\000o\000n\000f\000i\000g\000.\000h}{section.E.2}% 212
\BOOKMARK [2][-]{subsection.E.2.2}{\376\377\0002\000.\000\040\000v\0002\000/\000s\000c\000r\000i\000p\000t\000s\000/\000s\000e\000e\000d\000\137\000m\000a\000c\000h\000i\000n\000e\000s\000.\000p\000y}{section.E.2}% 213
\BOOKMARK [2][-]{subsection.E.2.3}{\376\377\0003\000.\000\040\000v\0002\000/\000k\000i\000o\000s\000k\000\137\000s\000t\000a\000t\000i\000o\000n\000/\000c\000o\000n\000f\000i\000g\000.\000p\000y}{section.E.2}% 214
\BOOKMARK [1][-]{section.E.3}{\376\377\000A\000d\000d\000i\000n\000g\000\040\000a\000\040\000N\000e\000w\000\040\000M\000a\000c\000h\000i\000n\000e}{appendix.E}% 215
\BOOKMARK [0][-]{appendix.F}{\376\377\000B\000i\000l\000l\000\040\000o\000f\000\040\000M\000a\000t\000e\000r\000i\000a\000l\000s}{}% 216
\BOOKMARK [1][-]{section.F.1}{\376\377\000P\000e\000r\000-\000N\000o\000d\000e\000\040\000C\000o\000m\000p\000o\000n\000e\000n\000t\000s}{appendix.F}% 217
\BOOKMARK [1][-]{section.F.2}{\376\377\000I\000n\000f\000r\000a\000s\000t\000r\000u\000c\000t\000u\000r\000e\000\040\000C\000o\000m\000p\000o\000n\000e\000n\000t\000s\000\040\000\050\000O\000n\000e\000-\000t\000i\000m\000e\000\051}{appendix.F}% 218
\BOOKMARK [1][-]{section.F.3}{\376\377\000K\000i\000o\000s\000k\000\040\000S\000t\000a\000t\000i\000o\000n\000\040\000C\000o\000m\000p\000o\000n\000e\000n\000t\000s}{appendix.F}% 219
\BOOKMARK [1][-]{section.F.4}{\376\377\000T\000o\000t\000a\000l\000\040\000C\000o\000s\000t\000\040\000E\000s\000t\000i\000m\000a\000t\000e}{appendix.F}% 220
\BOOKMARK [0][-]{appendix.G}{\376\377\000W\000i\000r\000i\000n\000g\000\040\000D\000i\000a\000g\000r\000a\000m\000s}{}% 221
\BOOKMARK [1][-]{section.G.1}{\376\377\000N\000o\000d\000e\000\040\000W\000i\000r\000i\000n\000g\000\040\000O\000v\000e\000r\000v\000i\000e\000w}{appendix.G}% 222
\BOOKMARK [1][-]{section.G.2}{\376\377\000C\000a\000n\000o\000n\000i\000c\000a\000l\000\040\000P\000i\000n\000\040\000T\000a\000b\000l\000e}{appendix.G}% 223
\BOOKMARK [1][-]{section.G.3}{\376\377\000P\000o\000w\000e\000r\000\040\000D\000i\000s\000t\000r\000i\000b\000u\000t\000i\000o\000n}{appendix.G}% 224
\BOOKMARK [1][-]{section.G.4}{\376\377\000I\000n\000t\000e\000r\000f\000a\000c\000e\000-\000S\000p\000e\000c\000i\000f\000i\000c\000\040\000N\000o\000t\000e\000s}{appendix.G}% 225
\BOOKMARK [0][-]{appendix.H}{\376\377\000O\000T\000A\000\040\000U\000p\000d\000a\000t\000e\000\040\000P\000r\000o\000c\000e\000d\000u\000r\000e\000s}{}% 226
\BOOKMARK [1][-]{section.H.1}{\376\377\000O\000T\000A\000\040\000A\000r\000c\000h\000i\000t\000e\000c\000t\000u\000r\000e}{appendix.H}% 227
\BOOKMARK [1][-]{section.H.2}{\376\377\000O\000T\000A\000\040\000U\000p\000d\000a\000t\000e\000\040\000P\000r\000o\000c\000e\000d\000u\000r\000e}{appendix.H}% 228
\BOOKMARK [2][-]{subsection.H.2.1}{\376\377\000S\000t\000e\000p\000\040\0001\000:\000\040\000B\000u\000i\000l\000d\000\040\000t\000h\000e\000\040\000F\000i\000r\000m\000w\000a\000r\000e}{section.H.2}% 229
\BOOKMARK [2][-]{subsection.H.2.2}{\376\377\000S\000t\000e\000p\000\040\0002\000:\000\040\000U\000p\000l\000o\000a\000d\000\040\000t\000o\000\040\000F\000i\000r\000e\000b\000a\000s\000e\000\040\000S\000t\000o\000r\000a\000g\000e}{section.H.2}% 230
\BOOKMARK [2][-]{subsection.H.2.3}{\376\377\000S\000t\000e\000p\000\040\0003\000:\000\040\000T\000r\000i\000g\000g\000e\000r\000\040\000O\000T\000A}{section.H.2}% 231
\BOOKMARK [2][-]{subsection.H.2.4}{\376\377\000S\000t\000e\000p\000\040\0004\000:\000\040\000M\000o\000n\000i\000t\000o\000r\000\040\000P\000r\000o\000g\000r\000e\000s\000s}{section.H.2}% 232
\BOOKMARK [1][-]{section.H.3}{\376\377\000O\000T\000A\000\040\000R\000o\000l\000l\000b\000a\000c\000k}{appendix.H}% 233
\BOOKMARK [1][-]{section.H.4}{\376\377\000M\000a\000n\000u\000a\000l\000\040\000F\000l\000a\000s\000h\000\040\000R\000e\000c\000o\000v\000e\000r\000y}{appendix.H}% 234
\BOOKMARK [1][-]{section.H.5}{\376\377\000O\000T\000A\000\040\000S\000a\000f\000e\000t\000y\000\040\000C\000h\000e\000c\000k\000l\000i\000s\000t}{appendix.H}% 235
\BOOKMARK [0][-]{appendix.I}{\376\377\000C\000a\000r\000d\000\040\000I\000s\000s\000u\000a\000n\000c\000e\000\040\000P\000r\000o\000c\000e\000d\000u\000r\000e\000s}{}% 236
\BOOKMARK [1][-]{section.I.1}{\376\377\000O\000v\000e\000r\000v\000i\000e\000w}{appendix.I}% 237
\BOOKMARK [1][-]{section.I.2}{\376\377\000R\000e\000q\000u\000i\000r\000e\000d\000\040\000S\000e\000t\000u\000p}{appendix.I}% 238
\BOOKMARK [1][-]{section.I.3}{\376\377\000I\000s\000s\000u\000i\000n\000g\000\040\000a\000\040\000N\000e\000w\000\040\000C\000a\000r\000d}{appendix.I}% 239
\BOOKMARK [1][-]{section.I.4}{\376\377\000R\000e\000-\000i\000s\000s\000u\000i\000n\000g\000\040\000a\000\040\000L\000o\000s\000t\000\040\000C\000a\000r\000d}{appendix.I}% 240
\BOOKMARK [1][-]{section.I.5}{\376\377\000R\000e\000-\000i\000s\000s\000u\000i\000n\000g\000\040\000a\000\040\000D\000a\000m\000a\000g\000e\000d\000\040\000C\000a\000r\000d\000\040\000\050\000N\000o\000t\000\040\000L\000o\000s\000t\000\051}{appendix.I}% 241
\BOOKMARK [1][-]{section.I.6}{\376\377\000U\000p\000d\000a\000t\000i\000n\000g\000\040\000M\000a\000c\000h\000i\000n\000e\000\040\000P\000e\000r\000m\000i\000s\000s\000i\000o\000n\000s}{appendix.I}% 242
\BOOKMARK [1][-]{section.I.7}{\376\377\000B\000u\000l\000k\000\040\000C\000a\000r\000d\000\040\000I\000s\000s\000u\000a\000n\000c\000e}{appendix.I}% 243
\BOOKMARK [1][-]{section.I.8}{\376\377\000C\000a\000r\000d\000\040\000S\000t\000o\000c\000k\000\040\000M\000a\000n\000a\000g\000e\000m\000e\000n\000t}{appendix.I}% 244
\BOOKMARK [1][-]{section.I.9}{\376\377\000T\000r\000o\000u\000b\000l\000e\000s\000h\000o\000o\000t\000i\000n\000g\000\040\000C\000a\000r\000d\000\040\000I\000s\000s\000u\000a\000n\000c\000e}{appendix.I}% 245
\BOOKMARK [0][-]{appendix.J}{\376\377\000H\000a\000r\000d\000w\000a\000r\000e\000\040\000V\000a\000l\000i\000d\000a\000t\000i\000o\000n\000\040\000P\000r\000o\000c\000e\000d\000u\000r\000e\000s}{}% 246
\BOOKMARK [1][-]{section.J.1}{\376\377\000O\000v\000e\000r\000v\000i\000e\000w}{appendix.J}% 247
\BOOKMARK [1][-]{section.J.2}{\376\377\000R\000e\000q\000u\000i\000r\000e\000d\000\040\000T\000o\000o\000l\000s\000\040\000a\000n\000d\000\040\000S\000e\000t\000u\000p}{appendix.J}% 248
\BOOKMARK [1][-]{section.J.3}{\376\377\000E\000x\000e\000c\000u\000t\000i\000o\000n\000\040\000O\000r\000d\000e\000r}{appendix.J}% 249
\BOOKMARK [1][-]{section.J.4}{\376\377\000S\000i\000g\000n\000-\000o\000f\000f\000\040\000S\000h\000e\000e\000t}{appendix.J}% 250
\BOOKMARK [1][-]{section.J.5}{\376\377\000C\000o\000m\000m\000o\000n\000\040\000F\000a\000i\000l\000u\000r\000e\000\040\000M\000o\000d\000e\000s}{appendix.J}% 251
