\BOOKMARK [0][-]{chapter*.1}{\376\377\000R\000e\000v\000i\000s\000i\000o\000n\000\040\000H\000i\000s\000t\000o\000r\000y}{}% 1
\BOOKMARK [0][-]{chapter*.2}{\376\377\000A\000b\000s\000t\000r\000a\000c\000t}{}% 2
\BOOKMARK [0][-]{chapter.1}{\376\377\000P\000r\000o\000j\000e\000c\000t\000\040\000O\000v\000e\000r\000v\000i\000e\000w}{}% 3
\BOOKMARK [1][-]{section.1.1}{\376\377\000W\000h\000a\000t\000\040\000I\000s\000\040\000M\000M\000S\000\040\000V\0002\000?}{chapter.1}% 4
\BOOKMARK [1][-]{section.1.2}{\376\377\000S\000c\000o\000p\000e\000\040\000a\000n\000d\000\040\000O\000b\000j\000e\000c\000t\000i\000v\000e\000s}{chapter.1}% 5
\BOOKMARK [2][-]{subsection.1.2.1}{\376\377\000W\000h\000a\000t\000\040\000M\000M\000S\000\040\000V\0002\000\040\000D\000o\000e\000s}{section.1.2}% 6
\BOOKMARK [2][-]{subsection.1.2.2}{\376\377\000W\000h\000a\000t\000\040\000M\000M\000S\000\040\000V\0002\000\040\000D\000o\000e\000s\000\040\000N\000o\000t\000\040\000D\000o}{section.1.2}% 7
\BOOKMARK [1][-]{section.1.3}{\376\377\000S\000y\000s\000t\000e\000m\000\040\000S\000c\000a\000l\000e}{chapter.1}% 8
\BOOKMARK [1][-]{section.1.4}{\376\377\000D\000e\000p\000l\000o\000y\000e\000d\000\040\000M\000a\000c\000h\000i\000n\000e\000s}{chapter.1}% 9
\BOOKMARK [1][-]{section.1.5}{\376\377\000K\000e\000y\000\040\000S\000t\000a\000k\000e\000h\000o\000l\000d\000e\000r\000s}{chapter.1}% 10
\BOOKMARK [1][-]{section.1.6}{\376\377\000G\000l\000o\000s\000s\000a\000r\000y}{chapter.1}% 11
\BOOKMARK [0][-]{chapter.2}{\376\377\000H\000i\000s\000t\000o\000r\000y\000\040\000a\000n\000d\000\040\000V\0001\000\040\000P\000o\000s\000t\000-\000M\000o\000r\000t\000e\000m}{}% 12
\BOOKMARK [1][-]{section.2.1}{\376\377\000V\0001\000\040\000S\000y\000s\000t\000e\000m\000\040\000B\000a\000c\000k\000g\000r\000o\000u\000n\000d}{chapter.2}% 13
\BOOKMARK [1][-]{section.2.2}{\376\377\000V\0001\000\040\000F\000a\000i\000l\000u\000r\000e\000\040\000A\000n\000a\000l\000y\000s\000i\000s}{chapter.2}% 14
\BOOKMARK [1][-]{section.2.3}{\376\377\000V\0001\000\040\000D\000e\000p\000l\000o\000y\000m\000e\000n\000t\000\040\000B\000l\000o\000c\000k\000e\000r\000s}{chapter.2}% 15
\BOOKMARK [1][-]{section.2.4}{\376\377\000V\0002\000\040\000D\000e\000s\000i\000g\000n\000\040\000D\000e\000c\000i\000s\000i\000o\000n\000s\000\040\000D\000r\000i\000v\000e\000n\000\040\000b\000y\000\040\000V\0001\000\040\000F\000a\000i\000l\000u\000r\000e\000s}{chapter.2}% 16
\BOOKMARK [1][-]{section.2.5}{\376\377\000D\000e\000c\000i\000s\000i\000o\000n\000\040\000R\000e\000c\000o\000r\000d\000s}{chapter.2}% 17
\BOOKMARK [2][-]{subsection.2.5.1}{\376\377\000L\000o\000c\000a\000l\000\040\000A\000c\000c\000e\000s\000s\000\040\000D\000e\000c\000i\000s\000i\000o\000n\000\040\000\050\000N\000o\000\040\000C\000l\000o\000u\000d\000\040\000C\000a\000l\000l\000\040\000o\000n\000\040\000A\000c\000c\000e\000s\000s\000\040\000P\000a\000t\000h\000\051}{section.2.5}% 18
\BOOKMARK [2][-]{subsection.2.5.2}{\376\377\000C\000a\000r\000d\000\040\000C\000a\000r\000r\000i\000e\000s\000\040\000P\000e\000r\000m\000i\000s\000s\000i\000o\000n\000s}{section.2.5}% 19
\BOOKMARK [2][-]{subsection.2.5.3}{\376\377\000P\000e\000r\000-\000C\000a\000r\000d\000\040\000S\000e\000c\000t\000o\000r\000\040\000K\000e\000y\000\040\000D\000e\000r\000i\000v\000a\000t\000i\000o\000n}{section.2.5}% 20
\BOOKMARK [2][-]{subsection.2.5.4}{\376\377\0005\000-\000M\000i\000n\000u\000t\000e\000\040\000C\000o\000m\000m\000a\000n\000d\000\040\000T\000T\000L}{section.2.5}% 21
\BOOKMARK [2][-]{subsection.2.5.5}{\376\377\000M\000Q\000T\000T\000\040\000B\000u\000f\000f\000e\000r\000\040\000S\000i\000z\000e\000\040\0001\0005\0003\0006\000\040\000B\000y\000t\000e\000s}{section.2.5}% 22
\BOOKMARK [0][-]{chapter.3}{\376\377\000S\000y\000s\000t\000e\000m\000\040\000A\000r\000c\000h\000i\000t\000e\000c\000t\000u\000r\000e}{}% 23
\BOOKMARK [1][-]{section.3.1}{\376\377\000A\000r\000c\000h\000i\000t\000e\000c\000t\000u\000r\000e\000\040\000O\000v\000e\000r\000v\000i\000e\000w}{chapter.3}% 24
\BOOKMARK [1][-]{section.3.2}{\376\377\000C\000o\000m\000m\000u\000n\000i\000c\000a\000t\000i\000o\000n\000\040\000P\000a\000t\000h\000s}{chapter.3}% 25
\BOOKMARK [2][-]{subsection.3.2.1}{\376\377\000A\000c\000c\000e\000s\000s\000\040\000D\000e\000c\000i\000s\000i\000o\000n\000\040\000\050\000O\000f\000f\000l\000i\000n\000e\000-\000c\000a\000p\000a\000b\000l\000e\000\051}{section.3.2}% 26
\BOOKMARK [2][-]{subsection.3.2.2}{\376\377\000S\000e\000s\000s\000i\000o\000n\000\040\000E\000v\000e\000n\000t\000\040\000F\000l\000o\000w}{section.3.2}% 27
\BOOKMARK [2][-]{subsection.3.2.3}{\376\377\000R\000e\000m\000o\000t\000e\000\040\000S\000t\000o\000p\000\040\000F\000l\000o\000w}{section.3.2}% 28
\BOOKMARK [2][-]{subsection.3.2.4}{\376\377\000R\000e\000v\000o\000c\000a\000t\000i\000o\000n\000\040\000F\000l\000o\000w}{section.3.2}% 29
\BOOKMARK [2][-]{subsection.3.2.5}{\376\377\000O\000T\000A\000\040\000U\000p\000d\000a\000t\000e\000\040\000F\000l\000o\000w}{section.3.2}% 30
\BOOKMARK [1][-]{section.3.3}{\376\377\000M\000Q\000T\000T\000\040\000T\000o\000p\000i\000c\000\040\000M\000a\000p}{chapter.3}% 31
\BOOKMARK [1][-]{section.3.4}{\376\377\000O\000f\000f\000l\000i\000n\000e\000\040\000D\000e\000g\000r\000a\000d\000a\000t\000i\000o\000n\000\040\000T\000a\000b\000l\000e}{chapter.3}% 32
\BOOKMARK [0][-]{chapter.4}{\376\377\000H\000a\000r\000d\000w\000a\000r\000e\000\040\000D\000e\000s\000i\000g\000n}{}% 33
\BOOKMARK [1][-]{section.4.1}{\376\377\000E\000S\000P\0003\0002\000\040\000N\000o\000d\000e\000M\000C\000U\000\040\0003\0008\000-\000p\000i\000n}{chapter.4}% 34
\BOOKMARK [1][-]{section.4.2}{\376\377\000G\000P\000I\000O\000\040\000P\000i\000n\000\040\000A\000s\000s\000i\000g\000n\000m\000e\000n\000t\000s}{chapter.4}% 35
\BOOKMARK [1][-]{section.4.3}{\376\377\000C\000o\000m\000p\000o\000n\000e\000n\000t\000\040\000D\000e\000t\000a\000i\000l\000s}{chapter.4}% 36
\BOOKMARK [2][-]{subsection.4.3.1}{\376\377\000M\000F\000R\000C\0005\0002\0002\000\040\000R\000F\000I\000D\000\040\000R\000e\000a\000d\000e\000r}{section.4.3}% 37
\BOOKMARK [2][-]{subsection.4.3.2}{\376\377\000S\000S\000D\0001\0003\0000\0006\000\040\0001\0002\0008\0006\0004\000\040\000S\000P\000I\000\040\000O\000L\000E\000D\000\040\000\050\000P\000r\000i\000m\000a\000r\000y\000\040\000D\000i\000s\000p\000l\000a\000y\000\051}{section.4.3}% 38
\BOOKMARK [2][-]{subsection.4.3.3}{\376\377\000S\000S\000D\0001\0003\0000\0006\000\040\0001\0002\0008\0003\0002\000\040\000I\0002\000C\000\040\000O\000L\000E\000D\000\040\000\050\000S\000t\000a\000t\000u\000s\000\040\000S\000t\000r\000i\000p\000\051}{section.4.3}% 39
\BOOKMARK [2][-]{subsection.4.3.4}{\376\377\000H\000C\0008\0009\000\040\000O\000p\000t\000i\000c\000a\000l\000\040\000I\000R\000\040\000S\000l\000o\000t\000\040\000S\000e\000n\000s\000o\000r}{section.4.3}% 40
\BOOKMARK [2][-]{subsection.4.3.5}{\376\377\000R\000e\000l\000a\000y\000\040\000M\000o\000d\000u\000l\000e\000\040\000\050\000M\000e\000c\000h\000a\000n\000i\000c\000a\000l\000\040\000o\000r\000\040\000S\000S\000R\000\051}{section.4.3}% 41
\BOOKMARK [2][-]{subsection.4.3.6}{\376\377\000W\000S\0002\0008\0001\0002\000B\000\040\000R\000G\000B\000\040\000L\000E\000D}{section.4.3}% 42
\BOOKMARK [2][-]{subsection.4.3.7}{\376\377\000E\000C\0001\0001\000\040\000R\000o\000t\000a\000r\000y\000\040\000E\000n\000c\000o\000d\000e\000r}{section.4.3}% 43
\BOOKMARK [2][-]{subsection.4.3.8}{\376\377\000P\000o\000w\000e\000r\000\040\000S\000u\000p\000p\000l\000y}{section.4.3}% 44
\BOOKMARK [1][-]{section.4.4}{\376\377\000P\000o\000w\000e\000r\000\040\000B\000u\000d\000g\000e\000t}{chapter.4}% 45
\BOOKMARK [0][-]{chapter.5}{\376\377\000R\000F\000I\000D\000\040\000C\000a\000r\000d\000\040\000A\000r\000c\000h\000i\000t\000e\000c\000t\000u\000r\000e}{}% 46
\BOOKMARK [1][-]{section.5.1}{\376\377\000M\000I\000F\000A\000R\000E\000\040\000C\000l\000a\000s\000s\000i\000c\000\040\0001\000K\000\040\000O\000v\000e\000r\000v\000i\000e\000w}{chapter.5}% 47
\BOOKMARK [1][-]{section.5.2}{\376\377\000V\0002\000\040\000C\000a\000r\000d\000\040\000S\000c\000h\000e\000m\000a}{chapter.5}% 48
\BOOKMARK [2][-]{subsection.5.2.1}{\376\377\000S\000e\000c\000t\000o\000r\000\040\0001\000\040\000L\000a\000y\000o\000u\000t}{section.5.2}% 49
\BOOKMARK [2][-]{subsection.5.2.2}{\376\377\000S\000c\000h\000e\000m\000a\000\040\000V\000e\000r\000s\000i\000o\000n\000\040\000B\000y\000t\000e}{section.5.2}% 50
\BOOKMARK [1][-]{section.5.3}{\376\377\000S\000e\000c\000t\000o\000r\000\040\000K\000e\000y\000\040\000D\000e\000r\000i\000v\000a\000t\000i\000o\000n}{chapter.5}% 51
\BOOKMARK [1][-]{section.5.4}{\376\377\000P\000I\000N\000\040\000H\000a\000s\000h}{chapter.5}% 52
\BOOKMARK [1][-]{section.5.5}{\376\377\000M\000a\000c\000h\000i\000n\000e\000\040\000P\000e\000r\000m\000i\000s\000s\000i\000o\000n\000\040\000B\000i\000t\000m\000a\000s\000k}{chapter.5}% 53
\BOOKMARK [1][-]{section.5.6}{\376\377\000C\000a\000r\000d\000\040\000W\000r\000i\000t\000e\000\040\000P\000r\000o\000c\000e\000s\000s}{chapter.5}% 54
\BOOKMARK [1][-]{section.5.7}{\376\377\000C\000a\000r\000d\000\040\000R\000e\000a\000d\000\040\000P\000r\000o\000c\000e\000s\000s}{chapter.5}% 55
\BOOKMARK [0][-]{chapter.6}{\376\377\000F\000i\000r\000m\000w\000a\000r\000e\000\040\000A\000r\000c\000h\000i\000t\000e\000c\000t\000u\000r\000e}{}% 56
\BOOKMARK [1][-]{section.6.1}{\376\377\000F\000i\000r\000m\000w\000a\000r\000e\000\040\000S\000t\000r\000u\000c\000t\000u\000r\000e}{chapter.6}% 57
\BOOKMARK [1][-]{section.6.2}{\376\377\000F\000i\000r\000m\000w\000a\000r\000e\000\040\000S\000t\000a\000t\000e\000\040\000M\000a\000c\000h\000i\000n\000e}{chapter.6}% 58
\BOOKMARK [1][-]{section.6.3}{\376\377\000N\000V\000S\000\040\000C\000o\000n\000f\000i\000g\000u\000r\000a\000t\000i\000o\000n}{chapter.6}% 59
\BOOKMARK [1][-]{section.6.4}{\376\377\000L\000i\000t\000t\000l\000e\000F\000S\000\040\000F\000i\000l\000e\000\040\000L\000a\000y\000o\000u\000t}{chapter.6}% 60
\BOOKMARK [1][-]{section.6.5}{\376\377\000S\000e\000s\000s\000i\000o\000n\000\040\000L\000o\000g\000\040\000E\000n\000t\000r\000y\000\040\000F\000o\000r\000m\000a\000t}{chapter.6}% 61
\BOOKMARK [1][-]{section.6.6}{\376\377\000D\000i\000s\000p\000l\000a\000y\000\040\000C\000o\000n\000t\000e\000n\000t}{chapter.6}% 62
\BOOKMARK [2][-]{subsection.6.6.1}{\376\377\000P\000r\000i\000m\000a\000r\000y\000\040\000O\000L\000E\000D\000\040\000\050\0001\0002\0008\0006\0004\000\051}{section.6.6}% 63
\BOOKMARK [2][-]{subsection.6.6.2}{\376\377\000S\000t\000a\000t\000u\000s\000\040\000S\000t\000r\000i\000p\000\040\000O\000L\000E\000D\000\040\000\050\0001\0002\0008\0003\0002\000\051}{section.6.6}% 64
\BOOKMARK [1][-]{section.6.7}{\376\377\000W\000S\0002\0008\0001\0002\000\040\000L\000E\000D\000\040\000S\000t\000a\000t\000e\000\040\000M\000a\000p}{chapter.6}% 65
\BOOKMARK [1][-]{section.6.8}{\376\377\000W\000a\000t\000c\000h\000d\000o\000g}{chapter.6}% 66
\BOOKMARK [0][-]{chapter.7}{\376\377\000B\000a\000c\000k\000e\000n\000d\000\040\000A\000r\000c\000h\000i\000t\000e\000c\000t\000u\000r\000e}{}% 67
\BOOKMARK [1][-]{section.7.1}{\376\377\000R\000a\000s\000p\000b\000e\000r\000r\000y\000\040\000P\000i\000\040\000R\000o\000l\000e}{chapter.7}% 68
\BOOKMARK [1][-]{section.7.2}{\376\377\000M\000o\000s\000q\000u\000i\000t\000t\000o\000\040\000C\000o\000n\000f\000i\000g\000u\000r\000a\000t\000i\000o\000n}{chapter.7}% 69
\BOOKMARK [1][-]{section.7.3}{\376\377\000b\000r\000i\000d\000g\000e\000.\000p\000y\000\040\000A\000r\000c\000h\000i\000t\000e\000c\000t\000u\000r\000e}{chapter.7}% 70
\BOOKMARK [1][-]{section.7.4}{\376\377\000S\000e\000s\000s\000i\000o\000n\000\040\000E\000v\000e\000n\000t\000\040\000P\000r\000o\000c\000e\000s\000s\000i\000n\000g}{chapter.7}% 71
\BOOKMARK [1][-]{section.7.5}{\376\377\000C\000o\000m\000m\000a\000n\000d\000\040\000F\000o\000r\000w\000a\000r\000d\000i\000n\000g}{chapter.7}% 72
\BOOKMARK [1][-]{section.7.6}{\376\377\000R\000e\000v\000o\000c\000a\000t\000i\000o\000n\000\040\000L\000i\000s\000t\000\040\000M\000a\000n\000a\000g\000e\000m\000e\000n\000t}{chapter.7}% 73
\BOOKMARK [1][-]{section.7.7}{\376\377\000S\000y\000s\000t\000e\000m\000d\000\040\000S\000e\000r\000v\000i\000c\000e}{chapter.7}% 74
\BOOKMARK [1][-]{section.7.8}{\376\377\000H\000e\000a\000l\000t\000h\000\040\000C\000h\000e\000c\000k\000\040\000E\000n\000d\000p\000o\000i\000n\000t}{chapter.7}% 75
\BOOKMARK [1][-]{section.7.9}{\376\377\000M\000Q\000T\000T\000\040\000A\000u\000t\000h\000e\000n\000t\000i\000c\000a\000t\000i\000o\000n}{chapter.7}% 76
\BOOKMARK [0][-]{chapter.8}{\376\377\000F\000i\000r\000e\000b\000a\000s\000e\000\040\000D\000e\000s\000i\000g\000n}{}% 77
\BOOKMARK [1][-]{section.8.1}{\376\377\000F\000i\000r\000e\000b\000a\000s\000e\000\040\000S\000e\000r\000v\000i\000c\000e\000s\000\040\000U\000s\000e\000d}{chapter.8}% 78
\BOOKMARK [1][-]{section.8.2}{\376\377\000W\000h\000y\000\040\000T\000w\000o\000\040\000D\000a\000t\000a\000b\000a\000s\000e\000s\000?}{chapter.8}% 79
\BOOKMARK [1][-]{section.8.3}{\376\377\000F\000i\000r\000e\000s\000t\000o\000r\000e\000\040\000S\000c\000h\000e\000m\000a}{chapter.8}% 80
\BOOKMARK [2][-]{subsection.8.3.1}{\376\377\000/\000u\000s\000e\000r\000s\000/\000\173\000r\000o\000l\000l\000\137\000n\000u\000m\000b\000e\000r\000\175}{section.8.3}% 81
\BOOKMARK [2][-]{subsection.8.3.2}{\376\377\000/\000m\000a\000c\000h\000i\000n\000e\000s\000/\000\173\000m\000a\000c\000h\000i\000n\000e\000\137\000i\000d\000\175}{section.8.3}% 82
\BOOKMARK [2][-]{subsection.8.3.3}{\376\377\000/\000s\000e\000s\000s\000i\000o\000n\000s\000/\000\173\000a\000u\000t\000o\000\137\000i\000d\000\175}{section.8.3}% 83
\BOOKMARK [2][-]{subsection.8.3.4}{\376\377\000/\000r\000e\000v\000o\000k\000e\000d\000/\000\173\000c\000a\000r\000d\000\137\000u\000i\000d\000\175}{section.8.3}% 84
\BOOKMARK [2][-]{subsection.8.3.5}{\376\377\000/\000a\000d\000m\000i\000n\000s\000/\000\173\000u\000i\000d\000\175\000\040\000a\000n\000d\000\040\000/\000s\000u\000p\000e\000r\000\137\000a\000d\000m\000i\000n\000s\000/\000\173\000u\000i\000d\000\175}{section.8.3}% 85
\BOOKMARK [1][-]{section.8.4}{\376\377\000R\000T\000D\000B\000\040\000S\000c\000h\000e\000m\000a}{chapter.8}% 86
\BOOKMARK [1][-]{section.8.5}{\376\377\000F\000i\000r\000e\000s\000t\000o\000r\000e\000\040\000S\000e\000c\000u\000r\000i\000t\000y\000\040\000R\000u\000l\000e\000s}{chapter.8}% 87
\BOOKMARK [1][-]{section.8.6}{\376\377\000F\000i\000r\000e\000s\000t\000o\000r\000e\000\040\000I\000n\000d\000e\000x\000e\000s}{chapter.8}% 88
\BOOKMARK [0][-]{chapter.9}{\376\377\000W\000e\000b\000\040\000A\000p\000p\000l\000i\000c\000a\000t\000i\000o\000n}{}% 89
\BOOKMARK [1][-]{section.9.1}{\376\377\000O\000v\000e\000r\000v\000i\000e\000w}{chapter.9}% 90
\BOOKMARK [1][-]{section.9.2}{\376\377\000T\000e\000c\000h\000n\000o\000l\000o\000g\000y\000\040\000S\000t\000a\000c\000k}{chapter.9}% 91
\BOOKMARK [1][-]{section.9.3}{\376\377\000A\000u\000t\000h\000e\000n\000t\000i\000c\000a\000t\000i\000o\000n\000\040\000F\000l\000o\000w}{chapter.9}% 92
\BOOKMARK [1][-]{section.9.4}{\376\377\000F\000e\000a\000t\000u\000r\000e\000\040\000R\000e\000f\000e\000r\000e\000n\000c\000e}{chapter.9}% 93
\BOOKMARK [1][-]{section.9.5}{\376\377\000C\000r\000i\000t\000i\000c\000a\000l\000\040\000V\0001\000\040\000B\000u\000g\000s\000\040\000F\000i\000x\000e\000d\000\040\000i\000n\000\040\000W\000e\000b\000\040\000A\000p\000p}{chapter.9}% 94
\BOOKMARK [2][-]{subsection.9.5.1}{\376\377\000a\000d\000d\000D\000o\000c\000\040\000\040\000s\000e\000t\000D\000o\000c\000\040\000f\000o\000r\000\040\000U\000s\000e\000r\000\040\000C\000r\000e\000a\000t\000i\000o\000n}{section.9.5}% 95
\BOOKMARK [2][-]{subsection.9.5.2}{\376\377\000P\000I\000N\000\040\000H\000a\000s\000h\000i\000n\000g}{section.9.5}% 96
\BOOKMARK [1][-]{section.9.6}{\376\377\000E\000n\000v\000i\000r\000o\000n\000m\000e\000n\000t\000\040\000C\000o\000n\000f\000i\000g\000u\000r\000a\000t\000i\000o\000n}{chapter.9}% 97
\BOOKMARK [1][-]{section.9.7}{\376\377\000B\000u\000i\000l\000d\000\040\000a\000n\000d\000\040\000D\000e\000p\000l\000o\000y}{chapter.9}% 98
\BOOKMARK [0][-]{chapter.10}{\376\377\000S\000e\000c\000u\000r\000i\000t\000y\000\040\000M\000o\000d\000e\000l}{}% 99
\BOOKMARK [1][-]{section.10.1}{\376\377\000T\000h\000r\000e\000a\000t\000\040\000M\000o\000d\000e\000l}{chapter.10}% 100
\BOOKMARK [1][-]{section.10.2}{\376\377\000S\000e\000c\000u\000r\000i\000t\000y\000\040\000C\000o\000n\000t\000r\000o\000l\000s}{chapter.10}% 101
\BOOKMARK [2][-]{subsection.10.2.1}{\376\377\000C\000a\000r\000d\000\040\000F\000o\000r\000g\000e\000r\000y\000\040\000P\000r\000e\000v\000e\000n\000t\000i\000o\000n}{section.10.2}% 102
\BOOKMARK [2][-]{subsection.10.2.2}{\376\377\000R\000e\000v\000o\000c\000a\000t\000i\000o\000n}{section.10.2}% 103
\BOOKMARK [2][-]{subsection.10.2.3}{\376\377\000A\000d\000m\000i\000n\000\040\000W\000e\000b\000\040\000A\000p\000p}{section.10.2}% 104
\BOOKMARK [2][-]{subsection.10.2.4}{\376\377\000M\000Q\000T\000T\000\040\000S\000e\000c\000u\000r\000i\000t\000y}{section.10.2}% 105
\BOOKMARK [2][-]{subsection.10.2.5}{\376\377\000S\000e\000c\000r\000e\000t\000s\000\040\000M\000a\000n\000a\000g\000e\000m\000e\000n\000t}{section.10.2}% 106
\BOOKMARK [2][-]{subsection.10.2.6}{\376\377\000F\000i\000r\000m\000w\000a\000r\000e\000\040\000S\000e\000c\000u\000r\000i\000t\000y}{section.10.2}% 107
\BOOKMARK [1][-]{section.10.3}{\376\377\000S\000e\000c\000u\000r\000i\000t\000y\000\040\000A\000s\000s\000u\000m\000p\000t\000i\000o\000n\000s\000\040\000a\000n\000d\000\040\000L\000i\000m\000i\000t\000a\000t\000i\000o\000n\000s}{chapter.10}% 108
\BOOKMARK [1][-]{section.10.4}{\376\377\000S\000e\000c\000u\000r\000i\000t\000y\000\040\000C\000h\000e\000c\000k\000l\000i\000s\000t\000\040\000f\000o\000r\000\040\000F\000u\000t\000u\000r\000e\000\040\000M\000a\000i\000n\000t\000a\000i\000n\000e\000r\000s}{chapter.10}% 109
\BOOKMARK [0][-]{chapter.11}{\376\377\000D\000e\000p\000l\000o\000y\000m\000e\000n\000t\000\040\000G\000u\000i\000d\000e}{}% 110
\BOOKMARK [1][-]{section.11.1}{\376\377\000D\000e\000p\000l\000o\000y\000m\000e\000n\000t\000\040\000O\000v\000e\000r\000v\000i\000e\000w}{chapter.11}% 111
\BOOKMARK [1][-]{section.11.2}{\376\377\000M\000a\000s\000t\000e\000r\000\040\000K\000e\000y\000\040\000G\000e\000n\000e\000r\000a\000t\000i\000o\000n}{chapter.11}% 112
\BOOKMARK [1][-]{section.11.3}{\376\377\000N\000o\000d\000e\000\040\000P\000r\000o\000v\000i\000s\000i\000o\000n\000i\000n\000g\000\040\000S\000u\000m\000m\000a\000r\000y}{chapter.11}% 113
\BOOKMARK [1][-]{section.11.4}{\376\377\000C\000r\000i\000t\000i\000c\000a\000l\000\040\000P\000r\000e\000-\000D\000e\000p\000l\000o\000y\000m\000e\000n\000t\000\040\000V\000e\000r\000i\000f\000i\000c\000a\000t\000i\000o\000n}{chapter.11}% 114
\BOOKMARK [1][-]{section.11.5}{\376\377\000S\000e\000c\000r\000e\000t\000s\000\040\000F\000i\000l\000e\000s\000\040\000R\000e\000f\000e\000r\000e\000n\000c\000e}{chapter.11}% 115
\BOOKMARK [0][-]{chapter.12}{\376\377\000T\000e\000s\000t\000i\000n\000g\000\040\000a\000n\000d\000\040\000V\000a\000l\000i\000d\000a\000t\000i\000o\000n}{}% 116
\BOOKMARK [1][-]{section.12.1}{\376\377\000V\000a\000l\000i\000d\000a\000t\000i\000o\000n\000\040\000S\000t\000r\000a\000t\000e\000g\000y}{chapter.12}% 117
\BOOKMARK [1][-]{section.12.2}{\376\377\000H\000a\000r\000d\000w\000a\000r\000e\000\040\000V\000a\000l\000i\000d\000a\000t\000i\000o\000n\000\040\000S\000u\000i\000t\000e}{chapter.12}% 118
\BOOKMARK [1][-]{section.12.3}{\376\377\000I\000n\000t\000e\000g\000r\000a\000t\000i\000o\000n\000\040\000T\000e\000s\000t\000\040\000S\000u\000i\000t\000e}{chapter.12}% 119
\BOOKMARK [1][-]{section.12.4}{\376\377\000P\000a\000s\000s\000/\000F\000a\000i\000l\000\040\000C\000r\000i\000t\000e\000r\000i\000a}{chapter.12}% 120
\BOOKMARK [1][-]{section.12.5}{\376\377\000R\000e\000g\000r\000e\000s\000s\000i\000o\000n\000\040\000T\000e\000s\000t\000i\000n\000g\000\040\000A\000f\000t\000e\000r\000\040\000F\000i\000r\000m\000w\000a\000r\000e\000\040\000U\000p\000d\000a\000t\000e\000s}{chapter.12}% 121
\BOOKMARK [0][-]{chapter.13}{\376\377\000M\000a\000i\000n\000t\000e\000n\000a\000n\000c\000e\000\040\000P\000r\000o\000c\000e\000d\000u\000r\000e\000s}{}% 122
\BOOKMARK [1][-]{section.13.1}{\376\377\000M\000a\000i\000n\000t\000e\000n\000a\000n\000c\000e\000\040\000S\000c\000h\000e\000d\000u\000l\000e\000\040\000S\000u\000m\000m\000a\000r\000y}{chapter.13}% 123
\BOOKMARK [1][-]{section.13.2}{\376\377\000F\000i\000r\000m\000w\000a\000r\000e\000\040\000U\000p\000d\000a\000t\000e\000\040\000P\000r\000o\000c\000e\000d\000u\000r\000e}{chapter.13}% 124
\BOOKMARK [1][-]{section.13.3}{\376\377\000C\000a\000r\000d\000\040\000M\000a\000n\000a\000g\000e\000m\000e\000n\000t}{chapter.13}% 125
\BOOKMARK [2][-]{subsection.13.3.1}{\376\377\000I\000s\000s\000u\000i\000n\000g\000\040\000a\000\040\000N\000e\000w\000\040\000C\000a\000r\000d}{section.13.3}% 126
\BOOKMARK [2][-]{subsection.13.3.2}{\376\377\000R\000e\000v\000o\000k\000i\000n\000g\000\040\000a\000\040\000C\000a\000r\000d\000\040\000\050\000L\000o\000s\000t\000/\000S\000t\000o\000l\000e\000n\000\051}{section.13.3}% 127
\BOOKMARK [1][-]{section.13.4}{\376\377\000B\000r\000i\000d\000g\000e\000\040\000M\000a\000i\000n\000t\000e\000n\000a\000n\000c\000e}{chapter.13}% 128
\BOOKMARK [1][-]{section.13.5}{\376\377\000D\000a\000t\000a\000b\000a\000s\000e\000\040\000C\000l\000e\000a\000n\000u\000p}{chapter.13}% 129
\BOOKMARK [2][-]{subsection.13.5.1}{\376\377\000O\000r\000p\000h\000a\000n\000e\000d\000\040\000S\000e\000s\000s\000i\000o\000n\000s}{section.13.5}% 130
\BOOKMARK [2][-]{subsection.13.5.2}{\376\377\000S\000t\000a\000l\000e\000\040\000R\000T\000D\000B\000\040\000C\000o\000m\000m\000a\000n\000d\000s}{section.13.5}% 131
\BOOKMARK [0][-]{chapter.14}{\376\377\000T\000r\000o\000u\000b\000l\000e\000s\000h\000o\000o\000t\000i\000n\000g}{}% 132
\BOOKMARK [1][-]{section.14.1}{\376\377\000Q\000u\000i\000c\000k\000\040\000D\000i\000a\000g\000n\000o\000s\000t\000i\000c\000\040\000R\000e\000f\000e\000r\000e\000n\000c\000e}{chapter.14}% 133
\BOOKMARK [1][-]{section.14.2}{\376\377\000S\000e\000r\000i\000a\000l\000\040\000M\000o\000n\000i\000t\000o\000r\000\040\000D\000i\000a\000g\000n\000o\000s\000t\000i\000c\000\040\000C\000o\000m\000m\000a\000n\000d\000s}{chapter.14}% 134
\BOOKMARK [1][-]{section.14.3}{\376\377\000C\000o\000m\000m\000o\000n\000\040\000I\000s\000s\000u\000e\000s}{chapter.14}% 135
\BOOKMARK [2][-]{subsection.14.3.1}{\376\377\000R\000F\000I\000D\000\040\000A\000u\000t\000h\000e\000n\000t\000i\000c\000a\000t\000i\000o\000n\000\040\000F\000a\000i\000l\000u\000r\000e}{section.14.3}% 136
\BOOKMARK [2][-]{subsection.14.3.2}{\376\377\000S\000c\000h\000e\000m\000a\000\040\000V\000e\000r\000s\000i\000o\000n\000\040\000M\000i\000s\000m\000a\000t\000c\000h}{section.14.3}% 137
\BOOKMARK [2][-]{subsection.14.3.3}{\376\377\000B\000r\000i\000d\000g\000e\000\040\000P\000E\000R\000M\000I\000S\000S\000I\000O\000N\000\137\000D\000E\000N\000I\000E\000D\000\040\000o\000n\000\040\000F\000i\000r\000e\000s\000t\000o\000r\000e}{section.14.3}% 138
\BOOKMARK [2][-]{subsection.14.3.4}{\376\377\000W\000i\000F\000i\000\040\000R\000S\000S\000I\000\040\000T\000o\000o\000\040\000L\000o\000w}{section.14.3}% 139
\BOOKMARK [1][-]{section.14.4}{\376\377\000R\000e\000c\000o\000v\000e\000r\000y\000\040\000P\000r\000o\000c\000e\000d\000u\000r\000e\000s}{chapter.14}% 140
\BOOKMARK [0][-]{chapter.15}{\376\377\000F\000u\000t\000u\000r\000e\000\040\000I\000m\000p\000r\000o\000v\000e\000m\000e\000n\000t\000s}{}% 141
\BOOKMARK [1][-]{section.15.1}{\376\377\000P\000l\000a\000n\000n\000e\000d\000\040\000\050\000P\000h\000a\000s\000e\000\040\0004\000\051}{chapter.15}% 142
\BOOKMARK [2][-]{subsection.15.1.1}{\376\377\000P\000I\000N\000\040\000V\000e\000r\000i\000f\000i\000c\000a\000t\000i\000o\000n\000\040\000a\000t\000\040\000M\000a\000c\000h\000i\000n\000e}{section.15.1}% 143
\BOOKMARK [1][-]{section.15.2}{\376\377\000R\000e\000c\000o\000m\000m\000e\000n\000d\000e\000d\000\040\000\050\000N\000e\000a\000r\000-\000t\000e\000r\000m\000\051}{chapter.15}% 144
\BOOKMARK [2][-]{subsection.15.2.1}{\376\377\000M\000Q\000T\000T\000\040\000A\000u\000t\000h\000e\000n\000t\000i\000c\000a\000t\000i\000o\000n\000\040\000a\000n\000d\000\040\000A\000C\000L\000s}{section.15.2}% 145
\BOOKMARK [2][-]{subsection.15.2.2}{\376\377\000S\000e\000s\000s\000i\000o\000n\000\040\000B\000o\000o\000k\000i\000n\000g\000\040\000/\000\040\000R\000e\000s\000e\000r\000v\000a\000t\000i\000o\000n}{section.15.2}% 146
\BOOKMARK [2][-]{subsection.15.2.3}{\376\377\000A\000n\000a\000l\000y\000t\000i\000c\000s\000\040\000D\000a\000s\000h\000b\000o\000a\000r\000d}{section.15.2}% 147
\BOOKMARK [2][-]{subsection.15.2.4}{\376\377\000C\000a\000r\000d\000\040\000E\000x\000p\000i\000r\000y}{section.15.2}% 148
\BOOKMARK [1][-]{section.15.3}{\376\377\000L\000o\000n\000g\000-\000t\000e\000r\000m\000\040\000C\000o\000n\000s\000i\000d\000e\000r\000a\000t\000i\000o\000n\000s}{chapter.15}% 149
\BOOKMARK [2][-]{subsection.15.3.1}{\376\377\000M\000u\000l\000t\000i\000-\000L\000a\000b\000\040\000D\000e\000p\000l\000o\000y\000m\000e\000n\000t}{section.15.3}% 150
\BOOKMARK [2][-]{subsection.15.3.2}{\376\377\000R\000e\000p\000l\000a\000c\000i\000n\000g\000\040\000F\000i\000r\000e\000b\000a\000s\000e\000\040\000w\000i\000t\000h\000\040\000S\000e\000l\000f\000-\000H\000o\000s\000t\000e\000d\000\040\000B\000a\000c\000k\000e\000n\000d}{section.15.3}% 151
\BOOKMARK [2][-]{subsection.15.3.3}{\376\377\000H\000a\000r\000d\000w\000a\000r\000e\000\040\000I\000t\000e\000r\000a\000t\000i\000o\000n\000s}{section.15.3}% 152
\BOOKMARK [1][-]{section.15.4}{\376\377\000K\000n\000o\000w\000n\000\040\000L\000i\000m\000i\000t\000a\000t\000i\000o\000n\000s\000\040\000t\000o\000\040\000A\000d\000d\000r\000e\000s\000s}{chapter.15}% 153
\BOOKMARK [0][-]{appendix.A}{\376\377\000G\000P\000I\000O\000\040\000P\000i\000n\000\040\000M\000a\000p\000p\000i\000n\000g\000s}{}% 154
\BOOKMARK [1][-]{section.A.1}{\376\377\000C\000o\000m\000p\000l\000e\000t\000e\000\040\000E\000S\000P\0003\0002\000\040\000G\000P\000I\000O\000\040\000A\000s\000s\000i\000g\000n\000m\000e\000n\000t\000\040\000T\000a\000b\000l\000e}{appendix.A}% 155
\BOOKMARK [1][-]{section.A.2}{\376\377\000S\000P\000I\000\040\000B\000u\000s\000\040\000S\000h\000a\000r\000i\000n\000g}{appendix.A}% 156
\BOOKMARK [1][-]{section.A.3}{\376\377\000I\0002\000C\000\040\000B\000u\000s}{appendix.A}% 157
\BOOKMARK [0][-]{appendix.B}{\376\377\000M\000Q\000T\000T\000\040\000T\000o\000p\000i\000c\000\040\000R\000e\000f\000e\000r\000e\000n\000c\000e}{}% 158
\BOOKMARK [1][-]{section.B.1}{\376\377\000T\000o\000p\000i\000c\000\040\000N\000a\000m\000i\000n\000g\000\040\000C\000o\000n\000v\000e\000n\000t\000i\000o\000n}{appendix.B}% 159
\BOOKMARK [1][-]{section.B.2}{\376\377\000T\000o\000p\000i\000c\000\040\000D\000e\000t\000a\000i\000l\000s}{appendix.B}% 160
\BOOKMARK [2][-]{subsection.B.2.1}{\376\377\000m\000m\000s\000/\000n\000o\000d\000e\000s\000/\000\173\000i\000d\000\175\000/\000s\000t\000a\000t\000u\000s}{section.B.2}% 161
\BOOKMARK [2][-]{subsection.B.2.2}{\376\377\000m\000m\000s\000/\000n\000o\000d\000e\000s\000/\000\173\000i\000d\000\175\000/\000e\000v\000e\000n\000t}{section.B.2}% 162
\BOOKMARK [2][-]{subsection.B.2.3}{\376\377\000m\000m\000s\000/\000n\000o\000d\000e\000s\000/\000\173\000i\000d\000\175\000/\000h\000e\000a\000r\000t\000b\000e\000a\000t}{section.B.2}% 163
\BOOKMARK [2][-]{subsection.B.2.4}{\376\377\000m\000m\000s\000/\000n\000o\000d\000e\000s\000/\000\173\000i\000d\000\175\000/\000c\000o\000m\000m\000a\000n\000d}{section.B.2}% 164
\BOOKMARK [2][-]{subsection.B.2.5}{\376\377\000m\000m\000s\000/\000n\000o\000d\000e\000s\000/\000\173\000i\000d\000\175\000/\000c\000o\000n\000f\000i\000g}{section.B.2}% 165
\BOOKMARK [2][-]{subsection.B.2.6}{\376\377\000m\000m\000s\000/\000a\000l\000l\000/\000r\000e\000v\000o\000k\000e\000d}{section.B.2}% 166
\BOOKMARK [1][-]{section.B.3}{\376\377\000S\000u\000b\000s\000c\000r\000i\000b\000i\000n\000g\000\040\000t\000o\000\040\000T\000o\000p\000i\000c\000s\000\040\000f\000o\000r\000\040\000D\000e\000b\000u\000g\000g\000i\000n\000g}{appendix.B}% 167
\BOOKMARK [0][-]{appendix.C}{\376\377\000F\000i\000r\000e\000s\000t\000o\000r\000e\000\040\000S\000c\000h\000e\000m\000a\000\040\000R\000e\000f\000e\000r\000e\000n\000c\000e}{}% 168
\BOOKMARK [1][-]{section.C.1}{\376\377\000C\000o\000l\000l\000e\000c\000t\000i\000o\000n\000\040\000O\000v\000e\000r\000v\000i\000e\000w}{appendix.C}% 169
\BOOKMARK [1][-]{section.C.2}{\376\377\000/\000u\000s\000e\000r\000s\000/\000\173\000r\000o\000l\000l\000\137\000n\000u\000m\000b\000e\000r\000\175}{appendix.C}% 170
\BOOKMARK [1][-]{section.C.3}{\376\377\000/\000m\000a\000c\000h\000i\000n\000e\000s\000/\000\173\000m\000a\000c\000h\000i\000n\000e\000\137\000i\000d\000\175}{appendix.C}% 171
\BOOKMARK [1][-]{section.C.4}{\376\377\000/\000s\000e\000s\000s\000i\000o\000n\000s\000/\000\173\000a\000u\000t\000o\000\137\000i\000d\000\175}{appendix.C}% 172
\BOOKMARK [1][-]{section.C.5}{\376\377\000/\000r\000e\000v\000o\000k\000e\000d\000/\000\173\000c\000a\000r\000d\000\137\000u\000i\000d\000\175}{appendix.C}% 173
\BOOKMARK [1][-]{section.C.6}{\376\377\000F\000i\000r\000e\000s\000t\000o\000r\000e\000\040\000C\000o\000m\000p\000o\000s\000i\000t\000e\000\040\000I\000n\000d\000e\000x\000e\000s}{appendix.C}% 174
\BOOKMARK [0][-]{appendix.D}{\376\377\000R\000e\000a\000l\000t\000i\000m\000e\000\040\000D\000a\000t\000a\000b\000a\000s\000e\000\040\000S\000c\000h\000e\000m\000a\000\040\000R\000e\000f\000e\000r\000e\000n\000c\000e}{}% 175
\BOOKMARK [1][-]{section.D.1}{\376\377\000F\000u\000l\000l\000\040\000R\000T\000D\000B\000\040\000T\000r\000e\000e}{appendix.D}% 176
\BOOKMARK [1][-]{section.D.2}{\376\377\000N\000o\000d\000e\000\040\000S\000t\000a\000t\000e\000\040\000V\000a\000l\000u\000e\000s}{appendix.D}% 177
\BOOKMARK [1][-]{section.D.3}{\376\377\000C\000o\000m\000m\000a\000n\000d\000\040\000L\000i\000f\000e\000c\000y\000c\000l\000e}{appendix.D}% 178
\BOOKMARK [1][-]{section.D.4}{\376\377\000R\000T\000D\000B\000\040\000S\000e\000c\000u\000r\000i\000t\000y\000\040\000R\000u\000l\000e\000s}{appendix.D}% 179
\BOOKMARK [0][-]{appendix.E}{\376\377\000M\000a\000c\000h\000i\000n\000e\000\040\000R\000e\000g\000i\000s\000t\000r\000y}{}% 180
\BOOKMARK [1][-]{section.E.1}{\376\377\000C\000a\000n\000o\000n\000i\000c\000a\000l\000\040\000M\000a\000c\000h\000i\000n\000e\000\040\000T\000a\000b\000l\000e}{appendix.E}% 181
\BOOKMARK [1][-]{section.E.2}{\376\377\000T\000h\000r\000e\000e\000-\000P\000l\000a\000c\000e\000s\000-\000i\000n\000-\000S\000y\000n\000c\000\040\000R\000u\000l\000e}{appendix.E}% 182
\BOOKMARK [2][-]{subsection.E.2.1}{\376\377\0001\000.\000\040\000v\0002\000/\000a\000c\000c\000e\000s\000s\000\137\000n\000o\000d\000e\000/\000c\000o\000n\000f\000i\000g\000.\000h}{section.E.2}% 183
\BOOKMARK [2][-]{subsection.E.2.2}{\376\377\0002\000.\000\040\000v\0002\000/\000s\000c\000r\000i\000p\000t\000s\000/\000s\000e\000e\000d\000\137\000m\000a\000c\000h\000i\000n\000e\000s\000.\000p\000y}{section.E.2}% 184
\BOOKMARK [2][-]{subsection.E.2.3}{\376\377\0003\000.\000\040\000v\0002\000/\000k\000i\000o\000s\000k\000\137\000s\000t\000a\000t\000i\000o\000n\000/\000c\000o\000n\000f\000i\000g\000.\000p\000y}{section.E.2}% 185
\BOOKMARK [1][-]{section.E.3}{\376\377\000A\000d\000d\000i\000n\000g\000\040\000a\000\040\000N\000e\000w\000\040\000M\000a\000c\000h\000i\000n\000e}{appendix.E}% 186
\BOOKMARK [0][-]{appendix.F}{\376\377\000B\000i\000l\000l\000\040\000o\000f\000\040\000M\000a\000t\000e\000r\000i\000a\000l\000s}{}% 187
\BOOKMARK [1][-]{section.F.1}{\376\377\000P\000e\000r\000-\000N\000o\000d\000e\000\040\000C\000o\000m\000p\000o\000n\000e\000n\000t\000s}{appendix.F}% 188
\BOOKMARK [1][-]{section.F.2}{\376\377\000I\000n\000f\000r\000a\000s\000t\000r\000u\000c\000t\000u\000r\000e\000\040\000C\000o\000m\000p\000o\000n\000e\000n\000t\000s\000\040\000\050\000O\000n\000e\000-\000t\000i\000m\000e\000\051}{appendix.F}% 189
\BOOKMARK [1][-]{section.F.3}{\376\377\000K\000i\000o\000s\000k\000\040\000S\000t\000a\000t\000i\000o\000n\000\040\000C\000o\000m\000p\000o\000n\000e\000n\000t\000s}{appendix.F}% 190
\BOOKMARK [1][-]{section.F.4}{\376\377\000T\000o\000t\000a\000l\000\040\000C\000o\000s\000t\000\040\000E\000s\000t\000i\000m\000a\000t\000e}{appendix.F}% 191
\BOOKMARK [0][-]{appendix.G}{\376\377\000W\000i\000r\000i\000n\000g\000\040\000D\000i\000a\000g\000r\000a\000m\000s}{}% 192
\BOOKMARK [1][-]{section.G.1}{\376\377\000F\000u\000l\000l\000\040\000N\000o\000d\000e\000\040\000W\000i\000r\000i\000n\000g\000\040\000D\000i\000a\000g\000r\000a\000m}{appendix.G}% 193
\BOOKMARK [1][-]{section.G.2}{\376\377\000M\000F\000R\000C\0005\0002\0002\000\040\000C\000o\000n\000n\000e\000c\000t\000i\000o\000n\000\040\000D\000e\000t\000a\000i\000l}{appendix.G}% 194
\BOOKMARK [1][-]{section.G.3}{\376\377\000S\000S\000D\0001\0003\0000\0006\000\040\0001\0002\0008\000x\0006\0004\000\040\000S\000P\000I\000\040\000O\000L\000E\000D\000\040\000C\000o\000n\000n\000e\000c\000t\000i\000o\000n}{appendix.G}% 195
\BOOKMARK [1][-]{section.G.4}{\376\377\000S\000S\000D\0001\0003\0000\0006\000\040\0001\0002\0008\000x\0003\0002\000\040\000I\0002\000C\000\040\000O\000L\000E\000D\000\040\000C\000o\000n\000n\000e\000c\000t\000i\000o\000n}{appendix.G}% 196
\BOOKMARK [1][-]{section.G.5}{\376\377\000W\000S\0002\0008\0001\0002\000B\000\040\000L\000E\000D\000\040\000C\000o\000n\000n\000e\000c\000t\000i\000o\000n}{appendix.G}% 197
\BOOKMARK [1][-]{section.G.6}{\376\377\000H\000C\0008\0009\000\040\000S\000l\000o\000t\000\040\000S\000e\000n\000s\000o\000r\000\040\000C\000o\000n\000n\000e\000c\000t\000i\000o\000n}{appendix.G}% 198
\BOOKMARK [1][-]{section.G.7}{\376\377\000E\000C\0001\0001\000\040\000R\000o\000t\000a\000r\000y\000\040\000E\000n\000c\000o\000d\000e\000r\000\040\000C\000o\000n\000n\000e\000c\000t\000i\000o\000n}{appendix.G}% 199
\BOOKMARK [1][-]{section.G.8}{\376\377\000R\000e\000l\000a\000y\000\040\000M\000o\000d\000u\000l\000e\000\040\000C\000o\000n\000n\000e\000c\000t\000i\000o\000n}{appendix.G}% 200
\BOOKMARK [1][-]{section.G.9}{\376\377\000P\000o\000w\000e\000r\000\040\000D\000i\000s\000t\000r\000i\000b\000u\000t\000i\000o\000n}{appendix.G}% 201
\BOOKMARK [0][-]{appendix.H}{\376\377\000O\000T\000A\000\040\000U\000p\000d\000a\000t\000e\000\040\000P\000r\000o\000c\000e\000d\000u\000r\000e\000s}{}% 202
\BOOKMARK [1][-]{section.H.1}{\376\377\000O\000T\000A\000\040\000A\000r\000c\000h\000i\000t\000e\000c\000t\000u\000r\000e}{appendix.H}% 203
\BOOKMARK [1][-]{section.H.2}{\376\377\000O\000T\000A\000\040\000U\000p\000d\000a\000t\000e\000\040\000P\000r\000o\000c\000e\000d\000u\000r\000e}{appendix.H}% 204
\BOOKMARK [2][-]{subsection.H.2.1}{\376\377\000S\000t\000e\000p\000\040\0001\000:\000\040\000B\000u\000i\000l\000d\000\040\000t\000h\000e\000\040\000F\000i\000r\000m\000w\000a\000r\000e}{section.H.2}% 205
\BOOKMARK [2][-]{subsection.H.2.2}{\376\377\000S\000t\000e\000p\000\040\0002\000:\000\040\000U\000p\000l\000o\000a\000d\000\040\000t\000o\000\040\000F\000i\000r\000e\000b\000a\000s\000e\000\040\000S\000t\000o\000r\000a\000g\000e}{section.H.2}% 206
\BOOKMARK [2][-]{subsection.H.2.3}{\376\377\000S\000t\000e\000p\000\040\0003\000:\000\040\000T\000r\000i\000g\000g\000e\000r\000\040\000O\000T\000A}{section.H.2}% 207
\BOOKMARK [2][-]{subsection.H.2.4}{\376\377\000S\000t\000e\000p\000\040\0004\000:\000\040\000M\000o\000n\000i\000t\000o\000r\000\040\000P\000r\000o\000g\000r\000e\000s\000s}{section.H.2}% 208
\BOOKMARK [1][-]{section.H.3}{\376\377\000O\000T\000A\000\040\000R\000o\000l\000l\000b\000a\000c\000k}{appendix.H}% 209
\BOOKMARK [1][-]{section.H.4}{\376\377\000M\000a\000n\000u\000a\000l\000\040\000F\000l\000a\000s\000h\000\040\000R\000e\000c\000o\000v\000e\000r\000y}{appendix.H}% 210
\BOOKMARK [1][-]{section.H.5}{\376\377\000O\000T\000A\000\040\000S\000a\000f\000e\000t\000y\000\040\000C\000h\000e\000c\000k\000l\000i\000s\000t}{appendix.H}% 211
\BOOKMARK [0][-]{appendix.I}{\376\377\000C\000a\000r\000d\000\040\000I\000s\000s\000u\000a\000n\000c\000e\000\040\000P\000r\000o\000c\000e\000d\000u\000r\000e\000s}{}% 212
\BOOKMARK [1][-]{section.I.1}{\376\377\000O\000v\000e\000r\000v\000i\000e\000w}{appendix.I}% 213
\BOOKMARK [1][-]{section.I.2}{\376\377\000R\000e\000q\000u\000i\000r\000e\000d\000\040\000S\000e\000t\000u\000p}{appendix.I}% 214
\BOOKMARK [1][-]{section.I.3}{\376\377\000I\000s\000s\000u\000i\000n\000g\000\040\000a\000\040\000N\000e\000w\000\040\000C\000a\000r\000d}{appendix.I}% 215
\BOOKMARK [1][-]{section.I.4}{\376\377\000R\000e\000-\000i\000s\000s\000u\000i\000n\000g\000\040\000a\000\040\000L\000o\000s\000t\000\040\000C\000a\000r\000d}{appendix.I}% 216
\BOOKMARK [1][-]{section.I.5}{\376\377\000R\000e\000-\000i\000s\000s\000u\000i\000n\000g\000\040\000a\000\040\000D\000a\000m\000a\000g\000e\000d\000\040\000C\000a\000r\000d\000\040\000\050\000N\000o\000t\000\040\000L\000o\000s\000t\000\051}{appendix.I}% 217
\BOOKMARK [1][-]{section.I.6}{\376\377\000U\000p\000d\000a\000t\000i\000n\000g\000\040\000M\000a\000c\000h\000i\000n\000e\000\040\000P\000e\000r\000m\000i\000s\000s\000i\000o\000n\000s}{appendix.I}% 218
\BOOKMARK [1][-]{section.I.7}{\376\377\000B\000u\000l\000k\000\040\000C\000a\000r\000d\000\040\000I\000s\000s\000u\000a\000n\000c\000e}{appendix.I}% 219
\BOOKMARK [1][-]{section.I.8}{\376\377\000C\000a\000r\000d\000\040\000S\000t\000o\000c\000k\000\040\000M\000a\000n\000a\000g\000e\000m\000e\000n\000t}{appendix.I}% 220
\BOOKMARK [1][-]{section.I.9}{\376\377\000T\000r\000o\000u\000b\000l\000e\000s\000h\000o\000o\000t\000i\000n\000g\000\040\000C\000a\000r\000d\000\040\000I\000s\000s\000u\000a\000n\000c\000e}{appendix.I}% 221
\BOOKMARK [0][-]{appendix.J}{\376\377\000H\000a\000r\000d\000w\000a\000r\000e\000\040\000V\000a\000l\000i\000d\000a\000t\000i\000o\000n\000\040\000P\000r\000o\000c\000e\000d\000u\000r\000e\000s}{}% 222
\BOOKMARK [1][-]{section.J.1}{\376\377\000O\000v\000e\000r\000v\000i\000e\000w}{appendix.J}% 223
\BOOKMARK [1][-]{section.J.2}{\376\377\000R\000e\000q\000u\000i\000r\000e\000d\000\040\000T\000o\000o\000l\000s\000\040\000a\000n\000d\000\040\000S\000e\000t\000u\000p}{appendix.J}% 224
\BOOKMARK [1][-]{section.J.3}{\376\377\000E\000x\000e\000c\000u\000t\000i\000o\000n\000\040\000O\000r\000d\000e\000r}{appendix.J}% 225
\BOOKMARK [1][-]{section.J.4}{\376\377\000S\000i\000g\000n\000-\000o\000f\000f\000\040\000S\000h\000e\000e\000t}{appendix.J}% 226
\BOOKMARK [1][-]{section.J.5}{\376\377\000C\000o\000m\000m\000o\000n\000\040\000F\000a\000i\000l\000u\000r\000e\000\040\000M\000o\000d\000e\000s}{appendix.J}% 227
